2025-04-27 21:29:25.100 +02:00|0.16.1.3.35392|Info|application|Application awaken, updateQueue:'Update' 
2025-04-27 21:29:25.110 +02:00|0.16.1.3.35392|Info|application|Assert.raiseExceptions:'True' 
2025-04-27 21:29:25.110 +02:00|0.16.1.3.35392|Info|application|Application obfuscation succeed. 
2025-04-27 21:29:26.140 +02:00|0.16.1.3.35392|Info|application|driveType:SSD swapDriveType:SSD 
2025-04-27 21:29:31.410 +02:00|0.16.1.3.35392|Info|application|NVIDIA Reflex is available on this machine, Status: NvReflex_OK. 
2025-04-27 21:29:35.206 +02:00|0.16.1.3.35392|Info|application|Game settings:
{
  "Language": "en",
  "SelectedMemberCategory": "Default",
  "QuickSlotsVisibility": "Always",
  "StaminaVisibility": "Always",
  "HealthVisibility": "Always",
  "HealthColor": "WhiteToRed",
  "NotificationTransportType": "Default",
  "ConnectionType": "Default",
  "HighlightScope": "All",
  "FieldOfView": 60,
  "HeadBobbing": 0.2,
  "AutoEmptyWorkingSet": true,
  "SetAffinityToLogicalCores": true,
  "EnableHideoutPreload": false,
  "StreamerModeEnabled": false,
  "BlockGroupInvites": false,
  "ItemQuickUseMode": "InRaidOnly",
  "PriorityWindowMode": "Auto",
  "AutoVaultingMode": "Hotkey",
  "ContinuousHealMode": "Disabled",
  "WishlistNotificationsType": "All",
  "AutoAddToWishlist": "Recipes",
  "MalfunctionVisability": true,
  "TradingIntermediateScreen": false,
  "RagfairLinesCount": 15,
  "EnvironmentUiType": "LaboratoryEnvironmentUiType",
  "TacticalInputMode": "Press"
} 
2025-04-27 21:29:35.206 +02:00|0.16.1.3.35392|Info|application|Sound settings:
{
  "OverallVolume": 10,
  "InterfaceVolume": 10,
  "ChatVolume": 0,
  "MusicVolume": 0,
  "HideoutVolume": 0,
  "MusicOnRaidEnd": true,
  "BinauralSound": true,
  "VoipEnabled": true,
  "VoipDevice": "Mikrofon (2- G935 Gaming Headset)",
  "VoipDeviceSensitivity": 100
} 
2025-04-27 21:29:35.206 +02:00|0.16.1.3.35392|Info|application|PostFx settings:
{
  "EnablePostFx": true,
  "Brightness": -5,
  "Saturation": -10,
  "Clarity": -5,
  "Colorfulness": 10,
  "LumaSharpen": 18,
  "AdaptiveSharpen": 12,
  "ColorFilterType": "LateGoose",
  "Intensity": 50,
  "ColorBlindnessType": "Tritanopia",
  "ColorBlindnessIntensity": 40
} 
2025-04-27 21:29:35.206 +02:00|0.16.1.3.35392|Info|application|Graphics settings:
{
  "Stored": [
    {
      "Index": 0,
      "FullScreenResolution": {
        "Width": 1920,
        "Height": 1080
      },
      "FullScreenAspectRatio": {
        "X": 16,
        "Y": 9
      },
      "WindowResolution": {
        "Width": 1920,
        "Height": 1080
      },
      "WindowAspectRatio": {
        "X": 16,
        "Y": 9
      }
    }
  ],
  "DisplaySettings": {
    "Display": 0,
    "FullScreenMode": 1,
    "Resolution": {
      "Width": 1920,
      "Height": 1080
    },
    "AspectRatio": {
      "X": 16,
      "Y": 9
    }
  },
  "GraphicsQuality": null,
  "ShadowsQuality": 0,
  "TextureQuality": 1,
  "CloudsQuality": "Low",
  "SDMode": null,
  "VSync": true,
  "LobbyFramerate": 60,
  "GameFramerate": 120,
  "DisableGameFramerateLimit": false,
  "SuperSampling": "Off",
  "AnisotropicFiltering": "Disable",
  "OverallVisibility": 1000.0,
  "LodBias": 2.5,
  "MipStreamingBufferSize": 32,
  "MipStreamingIOCount": 768,
  "Ssao": "FastestPerformance",
  "Sharpen": 0.6,
  "SSR": "Low",
  "AntiAliasing": "FXAA",
  "NVidiaReflex": "Off",
  "HighQualityFog": false,
  "GrassShadow": false,
  "ChromaticAberrations": false,
  "Noise": false,
  "ZBlur": false,
  "HighQualityColor": true,
  "MipStreaming": false,
  "SdTarkovStreets": true,
  "VolumetricLight": true,
  "DLSSMode": "Off",
  "FSR2Mode": "Off",
  "FSR3Mode": "Off",
  "DLSSPreset": "Default",
  "DLSSEnabled": false,
  "FSR2Enabled": false,
  "FSR3Enabled": false,
  "ShadowDistance": 20.0,
  "SuperSamplingFactor": 1.0
} 
2025-04-27 21:29:35.217 +02:00|0.16.1.3.35392|Info|application|Control settings:
{
  "InvertedXAxis": false,
  "InvertedYAxis": false,
  "MouseSensitivity": 0.7,
  "MouseAimingSensitivity": 0.5,
  "DoubleClickTimeout": 0.3,
  "OpticSensitivity": 1.0,
  "axisBindings": [
    {
      "axisName": "MoveX",
      "pairs": [
        {
          "positive": {
            "keyCode": [
              "D"
            ]
          },
          "negative": {
            "keyCode": [
              "A"
            ]
          }
        },
        {
          "positive": {
            "keyCode": []
          },
          "negative": {
            "keyCode": []
          }
        }
      ]
    },
    {
      "axisName": "MoveY",
      "pairs": [
        {
          "positive": {
            "keyCode": [
              "W"
            ]
          },
          "negative": {
            "keyCode": [
              "S"
            ]
          }
        },
        {
          "positive": {
            "keyCode": []
          },
          "negative": {
            "keyCode": []
          }
        }
      ]
    },
    {
      "axisName": "TurnX",
      "pairs": [
        {
          "positive": {
            "isAxis": true,
            "keyCode": [],
            "axisName": "Mouse X",
            "positiveAxis": true,
            "sensitivity": 5.0
          },
          "negative": {
            "isAxis": true,
            "keyCode": [],
            "axisName": "Mouse X",
            "sensitivity": 5.0
          }
        },
        {
          "positive": {
            "keyCode": []
          },
          "negative": {
            "keyCode": []
          }
        }
      ]
    },
    {
      "axisName": "TurnY",
      "pairs": [
        {
          "positive": {
            "isAxis": true,
            "keyCode": [],
            "axisName": "Mouse Y",
            "sensitivity": 5.0
          },
          "negative": {
            "isAxis": true,
            "keyCode": [],
            "axisName": "Mouse Y",
            "positiveAxis": true,
            "sensitivity": 5.0
          }
        },
        {
          "positive": {
            "keyCode": []
          },
          "negative": {
            "keyCode": []
          }
        }
      ]
    },
    {
      "axisName": "LookX",
      "pairs": [
        {
          "positive": {
            "isAxis": true,
            "keyCode": [],
            "axisName": "Mouse X",
            "positiveAxis": true,
            "sensitivity": 5.0
          },
          "negative": {
            "isAxis": true,
            "keyCode": [],
            "axisName": "Mouse X",
            "sensitivity": 5.0
          }
        },
        {
          "positive": {
            "keyCode": []
          },
          "negative": {
            "keyCode": []
          }
        }
      ]
    },
    {
      "axisName": "LookY",
      "pairs": [
        {
          "positive": {
            "isAxis": true,
            "keyCode": [],
            "axisName": "Mouse Y",
            "sensitivity": 5.0
          },
          "negative": {
            "isAxis": true,
            "keyCode": [],
            "axisName": "Mouse Y",
            "positiveAxis": true,
            "sensitivity": 5.0
          }
        },
        {
          "positive": {
            "keyCode": []
          },
          "negative": {
            "keyCode": []
          }
        }
      ]
    },
    {
      "axisName": "LeanX",
      "pairs": [
        {
          "positive": {
            "keyCode": [
              "D",
              "LeftAlt"
            ],
            "positiveAxis": true,
            "sensitivity": 5.0
          },
          "negative": {
            "keyCode": [
              "A",
              "LeftAlt"
            ],
            "positiveAxis": true,
            "sensitivity": 5.0
          }
        },
        {
          "positive": {
            "keyCode": []
          },
          "negative": {
            "keyCode": []
          }
        }
      ]
    }
  ],
  "keyBindings": [
    {
      "keyName": "LeanLockRight",
      "variants": [
        {
          "keyCode": [
            "E"
          ]
        },
        {
          "keyCode": []
        }
      ],
      "pressType": "Continuous"
    },
    {
      "keyName": "LeanLockLeft",
      "variants": [
        {
          "keyCode": [
            "Q"
          ]
        },
        {
          "keyCode": []
        }
      ],
      "pressType": "Continuous"
    },
    {
      "keyName": "Walk",
      "variants": [
        {
          "keyCode": [
            "CapsLock"
          ]
        },
        {
          "keyCode": []
        }
      ],
      "pressType": "Press"
    },
    {
      "keyName": "Sprint",
      "variants": [
        {
          "keyCode": [
            "LeftShift"
          ]
        },
        {
          "keyCode": []
        }
      ],
      "pressType": "Press"
    },
    {
      "keyName": "Jump",
      "variants": [
        {
          "keyCode": [
            "Space"
          ]
        },
        {
          "keyCode": []
        }
      ],
      "pressType": "Release"
    },
    {
      "keyName": "Vaulting",
      "variants": [
        {
          "keyCode": [
            "Space"
          ]
        },
        {
          "keyCode": []
        }
      ],
      "pressType": "Continuous"
    },
    {
      "keyName": "Duck",
      "variants": [
        {
          "keyCode": [
            "C"
          ]
        },
        {
          "keyCode": []
        }
      ],
      "pressType": "Release"
    },
    {
      "keyName": "Prone",
      "variants": [
        {
          "keyCode": [
            "X"
          ]
        },
        {
          "keyCode": []
        }
      ],
      "pressType": "Press"
    },
    {
      "keyName": "StepRight",
      "variants": [
        {
          "keyCode": [
            "E",
            "LeftAlt"
          ]
        },
        {
          "keyCode": []
        }
      ],
      "pressType": "Continuous"
    },
    {
      "keyName": "StepLeft",
      "variants": [
        {
          "keyCode": [
            "Q",
            "LeftAlt"
          ]
        },
        {
          "keyCode": []
        }
      ],
      "pressType": "Continuous"
    },
    {
      "keyName": "BlindShootAbove",
      "variants": [
        {
          "keyCode": [
            "W",
            "LeftAlt"
          ]
        },
        {
          "keyCode": []
        }
      ],
      "pressType": "Continuous"
    },
    {
      "keyName": "BlindShootRight",
      "variants": [
        {
          "keyCode": [
            "S",
            "LeftAlt"
          ]
        },
        {
          "keyCode": []
        }
      ],
      "pressType": "Continuous"
    },
    {
      "keyName": "NextWalkPose",
      "variants": [
        {
          "isAxis": true,
          "keyCode": [
            "C"
          ],
          "axisName": "Mouse Scroll",
          "positiveAxis": true
        },
        {
          "keyCode": []
        }
      ],
      "pressType": "Press"
    },
    {
      "keyName": "PreviousWalkPose",
      "variants": [
        {
          "isAxis": true,
          "keyCode": [
            "C"
          ],
          "axisName": "Mouse Scroll"
        },
        {
          "keyCode": []
        }
      ],
      "pressType": "Press"
    },
    {
      "keyName": "LeftStance",
      "variants": [
        {
          "keyCode": [
            "Mouse4"
          ]
        },
        {
          "keyCode": []
        }
      ],
      "pressType": "Press"
    },
    {
      "keyName": "Next",
      "variants": [
        {
          "isAxis": true,
          "keyCode": [],
          "axisName": "Mouse Scroll",
          "positiveAxis": true
        },
        {
          "keyCode": []
        }
      ],
      "pressType": "Press"
    },
    {
      "keyName": "Previous",
      "variants": [
        {
          "isAxis": true,
          "keyCode": [],
          "axisName": "Mouse Scroll"
        },
        {
          "keyCode": []
        }
      ],
      "pressType": "Press"
    },
    {
      "keyName": "WeaponMounting",
      "variants": [
        {
          "keyCode": [
            "V"
          ]
        },
        {
          "keyCode": []
        }
      ],
      "pressType": "Press"
    },
    {
      "keyName": "Shoot",
      "variants": [
        {
          "keyCode": [
            "Mouse0"
          ]
        },
        {
          "keyCode": []
        }
      ],
      "pressType": "Continuous"
    },
    {
      "keyName": "Aim",
      "variants": [
        {
          "keyCode": [
            "Mouse1"
          ]
        },
        {
          "keyCode": []
        }
      ],
      "pressType": "Press"
    },
    {
      "keyName": "ReloadWeapon",
      "variants": [
        {
          "keyCode": [
            "R"
          ]
        },
        {
          "keyCode": []
        }
      ],
      "pressType": "Release"
    },
    {
      "keyName": "QuickReloadWeapon",
      "variants": [
        {
          "keyCode": [
            "R"
          ]
        },
        {
          "keyCode": []
        }
      ],
      "pressType": "DoubleClick"
    },
    {
      "keyName": "ShootingMode",
      "variants": [
        {
          "keyCode": [
            "B"
          ]
        },
        {
          "keyCode": []
        }
      ],
      "pressType": "Press"
    },
    {
      "keyName": "ForceAutoWeaponMode",
      "variants": [
        {
          "keyCode": [
            "B"
          ]
        },
        {
          "keyCode": []
        }
      ],
      "pressType": "DoubleClick"
    },
    {
      "keyName": "CheckFireMode",
      "variants": [
        {
          "keyCode": [
            "B",
            "LeftAlt"
          ]
        },
        {
          "keyCode": []
        }
      ],
      "pressType": "Press"
    },
    {
      "keyName": "NextMagazine",
      "variants": [
        {
          "isAxis": true,
          "keyCode": [
            "R"
          ],
          "axisName": "Mouse Scroll",
          "positiveAxis": true
        },
        {
          "keyCode": []
        }
      ],
      "pressType": "Press"
    },
    {
      "keyName": "PreviousMagazine",
      "variants": [
        {
          "isAxis": true,
          "keyCode": [
            "R"
          ],
          "axisName": "Mouse Scroll"
        },
        {
          "keyCode": []
        }
      ],
      "pressType": "Press"
    },
    {
      "keyName": "UnloadMagazine",
      "variants": [
        {
          "keyCode": [
            "R",
            "LeftAlt"
          ]
        },
        {
          "keyCode": []
        }
      ],
      "pressType": "Press"
    },
    {
      "keyName": "CheckAmmo",
      "variants": [
        {
          "keyCode": [
            "T",
            "LeftAlt"
          ]
        },
        {
          "keyCode": []
        }
      ],
      "pressType": "Press"
    },
    {
      "keyName": "CheckChamber",
      "variants": [
        {
          "keyCode": [
            "T",
            "LeftShift"
          ]
        },
        {
          "keyCode": []
        }
      ],
      "pressType": "Press"
    },
    {
      "keyName": "ChamberUnload",
      "variants": [
        {
          "keyCode": [
            "R",
            "LeftControl"
          ]
        },
        {
          "keyCode": []
        }
      ],
      "pressType": "Press"
    },
    {
      "keyName": "ChangeAimScope",
      "variants": [
        {
          "keyCode": [
            "Mouse1",
            "LeftControl"
          ]
        },
        {
          "keyCode": []
        }
      ],
      "pressType": "Press"
    },
    {
      "keyName": "ChangeAimScopeMagnification",
      "variants": [
        {
          "keyCode": [
            "Mouse1",
            "LeftAlt"
          ]
        },
        {
          "keyCode": []
        }
      ],
      "pressType": "Press"
    },
    {
      "keyName": "OpticCalibrationSwitchUp",
      "variants": [
        {
          "keyCode": [
            "PageUp"
          ]
        },
        {
          "keyCode": []
        }
      ],
      "pressType": "Press"
    },
    {
      "keyName": "OpticCalibrationSwitchDown",
      "variants": [
        {
          "keyCode": [
            "PageDown"
          ]
        },
        {
          "keyCode": []
        }
      ],
      "pressType": "Press"
    },
    {
      "keyName": "ScopeZoomIn",
      "variants": [
        {
          "isAxis": true,
          "keyCode": [
            "LeftAlt"
          ],
          "axisName": "Mouse Scroll",
          "positiveAxis": true
        },
        {
          "keyCode": []
        }
      ],
      "pressType": "Press"
    },
    {
      "keyName": "ScopeZoomOut",
      "variants": [
        {
          "isAxis": true,
          "keyCode": [
            "LeftAlt"
          ],
          "axisName": "Mouse Scroll"
        },
        {
          "keyCode": []
        }
      ],
      "pressType": "Press"
    },
    {
      "keyName": "ExamineWeapon",
      "variants": [
        {
          "keyCode": [
            "L"
          ]
        },
        {
          "keyCode": []
        }
      ],
      "pressType": "Press"
    },
    {
      "keyName": "FoldStock",
      "variants": [
        {
          "keyCode": [
            "L",
            "LeftAlt"
          ]
        },
        {
          "keyCode": []
        }
      ],
      "pressType": "Press"
    },
    {
      "keyName": "ToggleBipods",
      "variants": [
        {
          "keyCode": [
            "V",
            "LeftControl"
          ]
        },
        {
          "keyCode": []
        }
      ],
      "pressType": "Press"
    },
    {
      "keyName": "PrimaryWeaponFirst",
      "variants": [
        {
          "keyCode": [
            "Alpha2"
          ]
        },
        {
          "keyCode": []
        }
      ],
      "pressType": "Press"
    },
    {
      "keyName": "PrimaryWeaponSecond",
      "variants": [
        {
          "keyCode": [
            "Alpha3"
          ]
        },
        {
          "keyCode": []
        }
      ],
      "pressType": "Press"
    },
    {
      "keyName": "Knife",
      "variants": [
        {
          "keyCode": [
            "U"
          ]
        },
        {
          "keyCode": []
        }
      ],
      "pressType": "Press"
    },
    {
      "keyName": "SecondaryWeapon",
      "variants": [
        {
          "keyCode": [
            "Alpha1"
          ]
        },
        {
          "keyCode": []
        }
      ],
      "pressType": "Press"
    },
    {
      "keyName": "QuickSecondaryWeapon",
      "variants": [
        {
          "keyCode": [
            "Alpha1"
          ]
        },
        {
          "keyCode": []
        }
      ],
      "pressType": "DoubleClick"
    },
    {
      "keyName": "QuickKnife",
      "variants": [
        {
          "keyCode": [
            "U"
          ]
        },
        {
          "keyCode": []
        }
      ],
      "pressType": "DoubleClick"
    },
    {
      "keyName": "ThrowGrenade",
      "variants": [
        {
          "keyCode": [
            "G"
          ]
        },
        {
          "keyCode": []
        }
      ],
      "pressType": "Press"
    },
    {
      "keyName": "ToggleGoggles",
      "variants": [
        {
          "keyCode": [
            "N"
          ]
        },
        {
          "keyCode": []
        }
      ],
      "pressType": "Press"
    },
    {
      "keyName": "ToggleVoip",
      "variants": [
        {
          "keyCode": []
        },
        {
          "keyCode": []
        }
      ],
      "pressType": "Press"
    },
    {
      "keyName": "PushToTalk",
      "variants": [
        {
          "keyCode": [
            "K"
          ]
        },
        {
          "keyCode": []
        }
      ],
      "pressType": "Continuous"
    },
    {
      "keyName": "Tactical",
      "variants": [
        {
          "keyCode": [
            "T"
          ]
        },
        {
          "keyCode": []
        }
      ],
      "pressType": "Press"
    },
    {
      "keyName": "NextTacticalDevice",
      "variants": [
        {
          "keyCode": [
            "T",
            "LeftControl"
          ]
        },
        {
          "keyCode": []
        }
      ],
      "pressType": "Press"
    },
    {
      "keyName": "ToggleHeadLight",
      "variants": [
        {
          "keyCode": [
            "H"
          ]
        },
        {
          "keyCode": []
        }
      ],
      "pressType": "Release"
    },
    {
      "keyName": "SwitchHeadLight",
      "variants": [
        {
          "keyCode": [
            "H",
            "LeftControl"
          ]
        },
        {
          "keyCode": []
        }
      ],
      "pressType": "Release"
    },
    {
      "keyName": "ToggleTacticalInteraction",
      "variants": [
        {
          "keyCode": [
            "T",
            "B"
          ]
        },
        {
          "keyCode": []
        }
      ],
      "pressType": "Press"
    },
    {
      "keyName": "Nidnod",
      "variants": [
        {
          "keyCode": [
            "Mouse2"
          ]
        },
        {
          "keyCode": []
        }
      ],
      "pressType": "Release"
    },
    {
      "keyName": "WatchTime",
      "variants": [
        {
          "keyCode": [
            "O"
          ]
        },
        {
          "keyCode": []
        }
      ],
      "pressType": "Press"
    },
    {
      "keyName": "Interact",
      "variants": [
        {
          "keyCode": [
            "F"
          ]
        },
        {
          "keyCode": []
        }
      ],
      "pressType": "Continuous"
    },
    {
      "keyName": "ThrowItem",
      "variants": [
        {
          "keyCode": [
            "Delete"
          ]
        },
        {
          "keyCode": []
        }
      ],
      "pressType": "Press"
    },
    {
      "keyName": "DropBackpack",
      "variants": [
        {
          "keyCode": [
            "Z"
          ]
        },
        {
          "keyCode": []
        }
      ],
      "pressType": "DoubleClick"
    },
    {
      "keyName": "Breath",
      "variants": [
        {
          "keyCode": [
            "LeftAlt"
          ]
        },
        {
          "keyCode": []
        }
      ],
      "pressType": "Press"
    },
    {
      "keyName": "Mumble",
      "variants": [
        {
          "keyCode": [
            "Y"
          ]
        },
        {
          "keyCode": []
        }
      ],
      "pressType": "DoubleClick"
    },
    {
      "keyName": "MumbleDropdown",
      "variants": [
        {
          "keyCode": [
            "Y"
          ]
        },
        {
          "keyCode": []
        }
      ],
      "pressType": "Continuous"
    },
    {
      "keyName": "MumbleQuick",
      "variants": [
        {
          "keyCode": [
            "Y"
          ]
        },
        {
          "keyCode": []
        }
      ],
      "pressType": "Release"
    },
    {
      "keyName": "WatchTimerAndExits",
      "variants": [
        {
          "keyCode": [
            "O"
          ]
        },
        {
          "keyCode": []
        }
      ],
      "pressType": "DoubleClick"
    },
    {
      "keyName": "Inventory",
      "variants": [
        {
          "keyCode": [
            "Tab"
          ]
        },
        {
          "keyCode": []
        }
      ],
      "pressType": "Press"
    },
    {
      "keyName": "Slot4",
      "variants": [
        {
          "keyCode": [
            "Alpha4"
          ]
        },
        {
          "keyCode": []
        }
      ],
      "pressType": "Release"
    },
    {
      "keyName": "Slot5",
      "variants": [
        {
          "keyCode": [
            "Alpha5"
          ]
        },
        {
          "keyCode": []
        }
      ],
      "pressType": "Release"
    },
    {
      "keyName": "Slot6",
      "variants": [
        {
          "keyCode": [
            "Alpha6"
          ]
        },
        {
          "keyCode": []
        }
      ],
      "pressType": "Release"
    },
    {
      "keyName": "Slot7",
      "variants": [
        {
          "keyCode": [
            "Alpha7"
          ]
        },
        {
          "keyCode": []
        }
      ],
      "pressType": "Release"
    },
    {
      "keyName": "Slot8",
      "variants": [
        {
          "keyCode": [
            "Alpha8"
          ]
        },
        {
          "keyCode": []
        }
      ],
      "pressType": "Release"
    },
    {
      "keyName": "Slot9",
      "variants": [
        {
          "keyCode": [
            "Alpha9"
          ]
        },
        {
          "keyCode": []
        }
      ],
      "pressType": "Release"
    },
    {
      "keyName": "Slot0",
      "variants": [
        {
          "keyCode": [
            "Alpha0"
          ]
        },
        {
          "keyCode": []
        }
      ],
      "pressType": "Release"
    },
    {
      "keyName": "MakeScreenshot",
      "variants": [
        {
          "keyCode": [
            "SysReq"
          ]
        },
        {
          "keyCode": []
        }
      ],
      "pressType": "Press"
    },
    {
      "keyName": "ToggleInfo",
      "variants": [
        {
          "keyCode": [
            "I"
          ]
        },
        {
          "keyCode": []
        }
      ],
      "pressType": "Press"
    },
    {
      "keyName": "Console",
      "variants": [
        {
          "keyCode": [
            "BackQuote"
          ]
        },
        {
          "keyCode": []
        }
      ],
      "pressType": "Press"
    },
    {
      "keyName": "ChangePointOfView",
      "variants": [
        {
          "keyCode": [
            "Home"
          ]
        },
        {
          "keyCode": []
        }
      ],
      "pressType": "Press"
    },
    {
      "keyName": "TogglePinMode",
      "variants": [
        {
          "keyCode": [
            "P"
          ]
        },
        {
          "keyCode": []
        }
      ],
      "pressType": "Press"
    },
    {
      "keyName": "ToggleLockMode",
      "variants": [
        {
          "keyCode": [
            "L"
          ]
        },
        {
          "keyCode": []
        }
      ],
      "pressType": "Press"
    },
    {
      "keyName": "PressThrowGrenade",
      "variants": [
        {
          "keyCode": [
            "G"
          ]
        },
        {
          "keyCode": []
        }
      ],
      "pressType": "Release"
    },
    {
      "keyName": "PressSlot4",
      "variants": [
        {
          "keyCode": [
            "Alpha4"
          ]
        },
        {
          "keyCode": []
        }
      ],
      "pressType": "Press"
    },
    {
      "keyName": "PressSlot5",
      "variants": [
        {
          "keyCode": [
            "Alpha5"
          ]
        },
        {
          "keyCode": []
        }
      ],
      "pressType": "Press"
    },
    {
      "keyName": "PressSlot6",
      "variants": [
        {
          "keyCode": [
            "Alpha6"
          ]
        },
        {
          "keyCode": []
        }
      ],
      "pressType": "Press"
    },
    {
      "keyName": "PressSlot7",
      "variants": [
        {
          "keyCode": [
            "Alpha7"
          ]
        },
        {
          "keyCode": []
        }
      ],
      "pressType": "Press"
    },
    {
      "keyName": "PressSlot8",
      "variants": [
        {
          "keyCode": [
            "Alpha8"
          ]
        },
        {
          "keyCode": []
        }
      ],
      "pressType": "Press"
    },
    {
      "keyName": "PressSlot9",
      "variants": [
        {
          "keyCode": [
            "Alpha9"
          ]
        },
        {
          "keyCode": []
        }
      ],
      "pressType": "Press"
    },
    {
      "keyName": "PressSlot0",
      "variants": [
        {
          "keyCode": [
            "Alpha0"
          ]
        },
        {
          "keyCode": []
        }
      ],
      "pressType": "Press"
    },
    {
      "keyName": "ReleaseTactical",
      "variants": [
        {
          "keyCode": [
            "T"
          ]
        },
        {
          "keyCode": []
        }
      ],
      "pressType": "Release"
    }
  ]
} 
2025-04-27 21:29:37.438 +02:00|0.16.1.3.35392|Info|backend|---> Request HTTPS, id [1]: URL: https://127.0.0.1:6969/client/menu/locale/en, crc: .  
2025-04-27 21:29:37.501 +02:00|0.16.1.3.35392|Info|backend|<--- Response HTTPS, id [1]: URL: https://127.0.0.1:6969/client/menu/locale/en, crc: , responseText: . 
2025-04-27 21:29:37.517 +02:00|0.16.1.3.35392|Info|backend|---> Request HTTPS, id [2]: URL: https://127.0.0.1:6969/client/game/mode, crc: .  
2025-04-27 21:29:37.568 +02:00|0.16.1.3.35392|Info|backend|<--- Response HTTPS, id [2]: URL: https://127.0.0.1:6969/client/game/mode, crc: , responseText: . 
2025-04-27 21:29:37.568 +02:00|0.16.1.3.35392|Info|application|Session mode: Pve 
2025-04-27 21:29:37.568 +02:00|0.16.1.3.35392|Info|backend|---> Request HTTPS, id [3]: URL: https://127.0.0.1:6969/client/game/start, crc: .  
2025-04-27 21:29:37.617 +02:00|0.16.1.3.35392|Info|backend|<--- Response HTTPS, id [3]: URL: https://127.0.0.1:6969/client/game/start, crc: , responseText: . 
2025-04-27 21:29:37.634 +02:00|0.16.1.3.35392|Info|backend|---> Request HTTPS, id [4]: URL: https://127.0.0.1:6969/client/game/version/validate, crc: .  
2025-04-27 21:29:37.701 +02:00|0.16.1.3.35392|Info|backend|<--- Response HTTPS, id [4]: URL: https://127.0.0.1:6969/client/game/version/validate, crc: , responseText: . 
2025-04-27 21:29:37.701 +02:00|0.16.1.3.35392|Info|backend|---> Request HTTPS, id [5]: URL: https://127.0.0.1:6969/client/languages, crc: .  
2025-04-27 21:29:37.768 +02:00|0.16.1.3.35392|Info|backend|<--- Response HTTPS, id [5]: URL: https://127.0.0.1:6969/client/languages, crc: , responseText: . 
2025-04-27 21:29:37.781 +02:00|0.16.1.3.35392|Info|backend|---> Request HTTPS, id [6]: URL: https://127.0.0.1:6969/client/game/config, crc: .  
2025-04-27 21:29:37.851 +02:00|0.16.1.3.35392|Info|backend|<--- Response HTTPS, id [6]: URL: https://127.0.0.1:6969/client/game/config, crc: , responseText: . 
2025-04-27 21:29:40.788 +02:00|0.16.1.3.35392|Info|backend|---> Request HTTPS, id [7]: URL: https://127.0.0.1:6969/client/items, crc: .  
2025-04-27 21:29:48.784 +02:00|0.16.1.3.35392|Info|backend|<--- Response HTTPS, id [7]: URL: https://127.0.0.1:6969/client/items, crc: , responseText: . 
2025-04-27 21:29:48.807 +02:00|0.16.1.3.35392|Info|backend|---> Request HTTPS, id [8]: URL: https://127.0.0.1:6969/client/customization, crc: .  
2025-04-27 21:29:49.034 +02:00|0.16.1.3.35392|Info|backend|<--- Response HTTPS, id [8]: URL: https://127.0.0.1:6969/client/customization, crc: , responseText: . 
2025-04-27 21:29:49.047 +02:00|0.16.1.3.35392|Info|backend|---> Request HTTPS, id [9]: URL: https://127.0.0.1:6969/client/customization/storage, crc: .  
2025-04-27 21:29:49.118 +02:00|0.16.1.3.35392|Info|backend|<--- Response HTTPS, id [9]: URL: https://127.0.0.1:6969/client/customization/storage, crc: , responseText: . 
2025-04-27 21:29:49.185 +02:00|0.16.1.3.35392|Info|backend|---> Request HTTPS, id [10]: URL: https://127.0.0.1:6969/client/globals, crc: .  
2025-04-27 21:29:49.185 +02:00|0.16.1.3.35392|Info|backend|---> Request HTTPS, id [11]: URL: https://127.0.0.1:6969/client/trading/api/traderSettings, crc: .  
2025-04-27 21:29:49.185 +02:00|0.16.1.3.35392|Info|backend|---> Request HTTPS, id [12]: URL: https://127.0.0.1:6969/client/prestige/list, crc: .  
2025-04-27 21:29:49.185 +02:00|0.16.1.3.35392|Info|backend|---> Request HTTPS, id [13]: URL: https://127.0.0.1:6969/client/settings, crc: .  
2025-04-27 21:29:49.284 +02:00|0.16.1.3.35392|Info|backend|<--- Response HTTPS, id [11]: URL: https://127.0.0.1:6969/client/trading/api/traderSettings, crc: , responseText: . 
2025-04-27 21:29:49.302 +02:00|0.16.1.3.35392|Info|backend|<--- Response HTTPS, id [13]: URL: https://127.0.0.1:6969/client/settings, crc: , responseText: . 
2025-04-27 21:29:49.318 +02:00|0.16.1.3.35392|Info|backend|<--- Response HTTPS, id [12]: URL: https://127.0.0.1:6969/client/prestige/list, crc: , responseText: . 
2025-04-27 21:29:49.851 +02:00|0.16.1.3.35392|Info|backend|<--- Response HTTPS, id [10]: URL: https://127.0.0.1:6969/client/globals, crc: , responseText: . 
2025-04-27 21:29:49.879 +02:00|0.16.1.3.35392|Info|backend|---> Request HTTPS, id [14]: URL: https://127.0.0.1:6969/client/game/profile/list, crc: .  
2025-04-27 21:29:50.418 +02:00|0.16.1.3.35392|Info|backend|<--- Response HTTPS, id [14]: URL: https://127.0.0.1:6969/client/game/profile/list, crc: , responseText: . 
2025-04-27 21:29:50.728 +02:00|0.16.1.3.35392|Info|application|SelectProfile ProfileId:68016d27000594363e4c41ff AccountId:1970285 
2025-04-27 21:29:50.737 +02:00|0.16.1.3.35392|Info|backend|---> Request HTTPS, id [15]: URL: https://127.0.0.1:6969/client/game/profile/select, crc: .  
2025-04-27 21:29:50.821 +02:00|0.16.1.3.35392|Info|backend|<--- Response HTTPS, id [15]: URL: https://127.0.0.1:6969/client/game/profile/select, crc: , responseText: . 
2025-04-27 21:29:51.369 +02:00|0.16.1.3.35392|Info|backend|---> Request HTTPS, id [16]: URL: https://127.0.0.1:6969/client/profile/status, crc: .  
2025-04-27 21:29:51.508 +02:00|0.16.1.3.35392|Info|backend|<--- Response HTTPS, id [16]: URL: https://127.0.0.1:6969/client/profile/status, crc: , responseText: . 
2025-04-27 21:29:51.524 +02:00|0.16.1.3.35392|Info|backend|---> Request HTTPS, id [17]: URL: https://127.0.0.1:6969/client/weather, crc: .  
2025-04-27 21:29:51.524 +02:00|0.16.1.3.35392|Info|backend|---> Request HTTPS, id [18]: URL: https://127.0.0.1:6969/client/locale/en, crc: .  
2025-04-27 21:29:51.524 +02:00|0.16.1.3.35392|Info|backend|---> Request HTTPS, id [19]: URL: https://127.0.0.1:6969/client/locations, crc: .  
2025-04-27 21:29:51.584 +02:00|0.16.1.3.35392|Info|backend|<--- Response HTTPS, id [17]: URL: https://127.0.0.1:6969/client/weather, crc: , responseText: . 
2025-04-27 21:29:52.084 +02:00|0.16.1.3.35392|Info|backend|<--- Response HTTPS, id [18]: URL: https://127.0.0.1:6969/client/locale/en, crc: , responseText: . 
2025-04-27 21:29:52.601 +02:00|0.16.1.3.35392|Info|backend|<--- Response HTTPS, id [19]: URL: https://127.0.0.1:6969/client/locations, crc: , responseText: . 
2025-04-27 21:29:52.617 +02:00|0.16.1.3.35392|Info|backend|---> Request HTTPS, id [20]: URL: https://127.0.0.1:6969/client/handbook/templates, crc: .  
2025-04-27 21:29:52.801 +02:00|0.16.1.3.35392|Info|backend|<--- Response HTTPS, id [20]: URL: https://127.0.0.1:6969/client/handbook/templates, crc: , responseText: . 
2025-04-27 21:29:54.701 +02:00|0.16.1.3.35392|Info|backend|---> Request HTTPS, id [21]: URL: https://127.0.0.1:6969/client/hideout/areas, crc: .  
2025-04-27 21:29:54.768 +02:00|0.16.1.3.35392|Info|backend|<--- Response HTTPS, id [21]: URL: https://127.0.0.1:6969/client/hideout/areas, crc: , responseText: . 
2025-04-27 21:29:54.845 +02:00|0.16.1.3.35392|Info|backend|---> Request HTTPS, id [22]: URL: https://127.0.0.1:6969/client/hideout/qte/list, crc: .  
2025-04-27 21:29:54.917 +02:00|0.16.1.3.35392|Info|backend|<--- Response HTTPS, id [22]: URL: https://127.0.0.1:6969/client/hideout/qte/list, crc: , responseText: . 
2025-04-27 21:29:54.917 +02:00|0.16.1.3.35392|Info|backend|---> Request HTTPS, id [23]: URL: https://127.0.0.1:6969/client/hideout/settings, crc: .  
2025-04-27 21:29:54.985 +02:00|0.16.1.3.35392|Info|backend|<--- Response HTTPS, id [23]: URL: https://127.0.0.1:6969/client/hideout/settings, crc: , responseText: . 
2025-04-27 21:29:54.985 +02:00|0.16.1.3.35392|Info|backend|---> Request HTTPS, id [24]: URL: https://127.0.0.1:6969/client/hideout/production/recipes, crc: .  
2025-04-27 21:29:55.136 +02:00|0.16.1.3.35392|Info|backend|<--- Response HTTPS, id [24]: URL: https://127.0.0.1:6969/client/hideout/production/recipes, crc: , responseText: . 
2025-04-27 21:29:55.136 +02:00|0.16.1.3.35392|Info|backend|---> Request HTTPS, id [25]: URL: https://127.0.0.1:6969/client/hideout/customization/offer/list, crc: .  
2025-04-27 21:29:55.234 +02:00|0.16.1.3.35392|Info|backend|<--- Response HTTPS, id [25]: URL: https://127.0.0.1:6969/client/hideout/customization/offer/list, crc: , responseText: . 
2025-04-27 21:29:55.234 +02:00|0.16.1.3.35392|Info|backend|---> Request HTTPS, id [26]: URL: https://127.0.0.1:6969/client/builds/list, crc: .  
2025-04-27 21:29:55.317 +02:00|0.16.1.3.35392|Info|backend|<--- Response HTTPS, id [26]: URL: https://127.0.0.1:6969/client/builds/list, crc: , responseText: . 
2025-04-27 21:29:58.278 +02:00|0.16.1.3.35392|Debug|application|totalMemoryBeforeCleanUp 928.3516 
2025-04-27 21:29:58.278 +02:00|0.16.1.3.35392|Debug|application|GC::Collect 
2025-04-27 21:29:58.694 +02:00|0.16.1.3.35392|Debug|application|GC::Collect Aggressive 
2025-04-27 21:29:59.522 +02:00|0.16.1.3.35392|Debug|application|collectedMemoryGB 0.2070313 
2025-04-27 21:29:59.526 +02:00|0.16.1.3.35392|Info|backend|---> Request HTTPS, id [27]: URL: https://127.0.0.1:6969/client/notifier/channel/create, crc: .  
2025-04-27 21:29:59.526 +02:00|0.16.1.3.35392|Info|backend|---> Request HTTPS, id [28]: URL: https://127.0.0.1:6969/client/profile/status, crc: .  
2025-04-27 21:29:59.526 +02:00|0.16.1.3.35392|Info|backend|---> Request HTTPS, id [29]: URL: https://127.0.0.1:6969/client/server/list, crc: .  
2025-04-27 21:29:59.526 +02:00|0.16.1.3.35392|Info|backend|---> Request HTTPS, id [30]: URL: https://127.0.0.1:6969/client/match/group/current, crc: .  
2025-04-27 21:29:59.526 +02:00|0.16.1.3.35392|Info|backend|---> Request HTTPS, id [32]: URL: https://127.0.0.1:6969/client/friend/list, crc: .  
2025-04-27 21:29:59.526 +02:00|0.16.1.3.35392|Info|backend|---> Request HTTPS, id [31]: URL: https://127.0.0.1:6969/client/mail/dialog/list, crc: .  
2025-04-27 21:29:59.526 +02:00|0.16.1.3.35392|Info|backend|---> Request HTTPS, id [33]: URL: https://127.0.0.1:6969/client/friend/request/list/inbox, crc: .  
2025-04-27 21:29:59.526 +02:00|0.16.1.3.35392|Info|backend|---> Request HTTPS, id [34]: URL: https://127.0.0.1:6969/client/friend/request/list/outbox, crc: .  
2025-04-27 21:29:59.526 +02:00|0.16.1.3.35392|Info|backend|---> Request HTTPS, id [35]: URL: https://127.0.0.1:6969/client/quest/list, crc: .  
2025-04-27 21:29:59.703 +02:00|0.16.1.3.35392|Info|backend|<--- Response HTTPS, id [28]: URL: https://127.0.0.1:6969/client/profile/status, crc: , responseText: . 
2025-04-27 21:29:59.703 +02:00|0.16.1.3.35392|Info|backend|<--- Response HTTPS, id [27]: URL: https://127.0.0.1:6969/client/notifier/channel/create, crc: , responseText: . 
2025-04-27 21:29:59.722 +02:00|0.16.1.3.35392|Info|backend|<--- Response HTTPS, id [29]: URL: https://127.0.0.1:6969/client/server/list, crc: , responseText: . 
2025-04-27 21:29:59.722 +02:00|0.16.1.3.35392|Info|backend|<--- Response HTTPS, id [30]: URL: https://127.0.0.1:6969/client/match/group/current, crc: , responseText: . 
2025-04-27 21:29:59.732 +02:00|0.16.1.3.35392|Info|backend|<--- Response HTTPS, id [32]: URL: https://127.0.0.1:6969/client/friend/list, crc: , responseText: . 
2025-04-27 21:29:59.732 +02:00|0.16.1.3.35392|Info|backend|<--- Response HTTPS, id [33]: URL: https://127.0.0.1:6969/client/friend/request/list/inbox, crc: , responseText: . 
2025-04-27 21:29:59.732 +02:00|0.16.1.3.35392|Info|backend|<--- Response HTTPS, id [34]: URL: https://127.0.0.1:6969/client/friend/request/list/outbox, crc: , responseText: . 
2025-04-27 21:29:59.732 +02:00|0.16.1.3.35392|Info|backend|<--- Response HTTPS, id [31]: URL: https://127.0.0.1:6969/client/mail/dialog/list, crc: , responseText: . 
2025-04-27 21:29:59.875 +02:00|0.16.1.3.35392|Info|backend|<--- Response HTTPS, id [35]: URL: https://127.0.0.1:6969/client/quest/list, crc: , responseText: . 
2025-04-27 21:29:59.889 +02:00|0.16.1.3.35392|Info|backend|---> Request HTTPS, id [36]: URL: https://127.0.0.1:6969/client/achievement/statistic, crc: .  
2025-04-27 21:29:59.952 +02:00|0.16.1.3.35392|Info|backend|<--- Response HTTPS, id [36]: URL: https://127.0.0.1:6969/client/achievement/statistic, crc: , responseText: . 
2025-04-27 21:29:59.952 +02:00|0.16.1.3.35392|Info|backend|---> Request HTTPS, id [37]: URL: https://127.0.0.1:6969/client/achievement/list, crc: .  
2025-04-27 21:30:00.118 +02:00|0.16.1.3.35392|Info|backend|<--- Response HTTPS, id [37]: URL: https://127.0.0.1:6969/client/achievement/list, crc: , responseText: . 
2025-04-27 21:30:00.171 +02:00|0.16.1.3.35392|Info|backend|---> Request HTTPS, id [38]: URL: https://127.0.0.1:6969/client/repeatalbeQuests/activityPeriods, crc: .  
2025-04-27 21:30:00.417 +02:00|0.16.1.3.35392|Info|backend|<--- Response HTTPS, id [38]: URL: https://127.0.0.1:6969/client/repeatalbeQuests/activityPeriods, crc: , responseText: . 
2025-04-27 21:30:00.417 +02:00|0.16.1.3.35392|Info|backend|---> Request HTTPS, id [39]: URL: https://127.0.0.1:6969/client/survey, crc: .  
2025-04-27 21:30:00.484 +02:00|0.16.1.3.35392|Info|backend|<--- Response HTTPS, id [39]: URL: https://127.0.0.1:6969/client/survey, crc: , responseText: . 
2025-04-27 21:32:20.485 +02:00|0.16.1.3.35392|Info|backend|---> Request HTTPS, id [40]: URL: https://127.0.0.1:6969/client/game/keepalive, crc: .  
2025-04-27 21:32:20.552 +02:00|0.16.1.3.35392|Info|backend|<--- Response HTTPS, id [40]: URL: https://127.0.0.1:6969/client/game/keepalive, crc: , responseText: . 
2025-04-27 21:34:40.552 +02:00|0.16.1.3.35392|Info|backend|---> Request HTTPS, id [41]: URL: https://127.0.0.1:6969/client/game/keepalive, crc: .  
2025-04-27 21:34:40.618 +02:00|0.16.1.3.35392|Info|backend|<--- Response HTTPS, id [41]: URL: https://127.0.0.1:6969/client/game/keepalive, crc: , responseText: . 
2025-04-27 21:36:07.569 +02:00|0.16.1.3.35392|Info|backend|---> Request HTTPS, id [42]: URL: https://127.0.0.1:6969/client/checkVersion, crc: .  
2025-04-27 21:36:07.752 +02:00|0.16.1.3.35392|Info|backend|<--- Response HTTPS, id [42]: URL: https://127.0.0.1:6969/client/checkVersion, crc: , responseText: . 
2025-04-27 21:38:27.752 +02:00|0.16.1.3.35392|Info|backend|---> Request HTTPS, id [43]: URL: https://127.0.0.1:6969/client/game/keepalive, crc: .  
2025-04-27 21:38:27.919 +02:00|0.16.1.3.35392|Info|backend|<--- Response HTTPS, id [43]: URL: https://127.0.0.1:6969/client/game/keepalive, crc: , responseText: . 
2025-04-27 21:38:46.123 +02:00|0.16.1.3.35392|Debug|application|TRACE-GamePrepare 2 
2025-04-27 21:38:46.770 +02:00|0.16.1.3.35392|Debug|application|Heap pre-allocation - disabled 
2025-04-27 21:38:48.684 +02:00|0.16.1.3.35392|Debug|application|totalMemoryBeforeCleanUp 964.7969 
2025-04-27 21:38:48.684 +02:00|0.16.1.3.35392|Debug|application|GC::Collect 
2025-04-27 21:38:49.231 +02:00|0.16.1.3.35392|Debug|application|GC::Collect Aggressive 
2025-04-27 21:38:50.415 +02:00|0.16.1.3.35392|Debug|application|collectedMemoryGB 1.042969 
2025-04-27 21:38:50.696 +02:00|0.16.1.3.35392|Debug|application|GC mode switched to Disabled 
2025-04-27 21:38:51.087 +02:00|0.16.1.3.35392|Error|Default|Already registered object - Turnable.NetId:1424399346 patron_lamp_hideout (2) 
2025-04-27 21:40:47.922 +02:00|0.16.1.3.35392|Info|backend|---> Request HTTPS, id [44]: URL: https://127.0.0.1:6969/client/game/keepalive, crc: .  
2025-04-27 21:40:47.970 +02:00|0.16.1.3.35392|Info|backend|<--- Response HTTPS, id [44]: URL: https://127.0.0.1:6969/client/game/keepalive, crc: , responseText: . 
2025-04-27 21:41:18.120 +02:00|0.16.1.3.35392|Debug|application|GC mode switched to Enabled 
2025-04-27 21:42:03.117 +02:00|0.16.1.3.35392|Info|backend|---> Request HTTPS, id [45]: URL: https://127.0.0.1:6969/client/game/profile/items/moving, crc: .  
2025-04-27 21:42:03.222 +02:00|0.16.1.3.35392|Info|backend|<--- Response HTTPS, id [45]: URL: https://127.0.0.1:6969/client/game/profile/items/moving, crc: , responseText: . 
2025-04-27 21:42:18.119 +02:00|0.16.1.3.35392|Info|backend|---> Request HTTPS, id [46]: URL: https://127.0.0.1:6969/client/game/profile/items/moving, crc: .  
2025-04-27 21:42:18.185 +02:00|0.16.1.3.35392|Info|backend|<--- Response HTTPS, id [46]: URL: https://127.0.0.1:6969/client/game/profile/items/moving, crc: , responseText: . 
2025-04-27 21:42:33.120 +02:00|0.16.1.3.35392|Info|backend|---> Request HTTPS, id [47]: URL: https://127.0.0.1:6969/client/game/profile/items/moving, crc: .  
2025-04-27 21:42:33.187 +02:00|0.16.1.3.35392|Info|backend|<--- Response HTTPS, id [47]: URL: https://127.0.0.1:6969/client/game/profile/items/moving, crc: , responseText: . 
2025-04-27 21:42:48.137 +02:00|0.16.1.3.35392|Info|backend|---> Request HTTPS, id [48]: URL: https://127.0.0.1:6969/client/game/profile/items/moving, crc: .  
2025-04-27 21:42:48.269 +02:00|0.16.1.3.35392|Info|backend|<--- Response HTTPS, id [48]: URL: https://127.0.0.1:6969/client/game/profile/items/moving, crc: , responseText: . 
2025-04-27 21:43:03.137 +02:00|0.16.1.3.35392|Info|backend|---> Request HTTPS, id [49]: URL: https://127.0.0.1:6969/client/game/profile/items/moving, crc: .  
2025-04-27 21:43:03.188 +02:00|0.16.1.3.35392|Info|backend|<--- Response HTTPS, id [49]: URL: https://127.0.0.1:6969/client/game/profile/items/moving, crc: , responseText: . 
2025-04-27 21:43:18.137 +02:00|0.16.1.3.35392|Info|backend|---> Request HTTPS, id [50]: URL: https://127.0.0.1:6969/client/game/profile/items/moving, crc: .  
2025-04-27 21:43:18.188 +02:00|0.16.1.3.35392|Info|backend|<--- Response HTTPS, id [50]: URL: https://127.0.0.1:6969/client/game/profile/items/moving, crc: , responseText: . 
2025-04-27 21:43:33.152 +02:00|0.16.1.3.35392|Info|backend|---> Request HTTPS, id [51]: URL: https://127.0.0.1:6969/client/game/profile/items/moving, crc: .  
2025-04-27 21:43:33.202 +02:00|0.16.1.3.35392|Info|backend|<--- Response HTTPS, id [51]: URL: https://127.0.0.1:6969/client/game/profile/items/moving, crc: , responseText: . 
2025-04-27 21:43:35.164 +02:00|0.16.1.3.35392|Info|backend|---> Request HTTPS, id [52]: URL: https://127.0.0.1:6969/client/items/prices/54cb50c76803fa8b248b4571, crc: .  
2025-04-27 21:43:35.285 +02:00|0.16.1.3.35392|Info|backend|<--- Response HTTPS, id [52]: URL: https://127.0.0.1:6969/client/items/prices/54cb50c76803fa8b248b4571, crc: , responseText: . 
2025-04-27 21:43:35.291 +02:00|0.16.1.3.35392|Info|backend|---> Request HTTPS, id [53]: URL: https://127.0.0.1:6969/client/trading/api/getTraderAssort/54cb50c76803fa8b248b4571, crc: .  
2025-04-27 21:43:35.404 +02:00|0.16.1.3.35392|Info|backend|<--- Response HTTPS, id [53]: URL: https://127.0.0.1:6969/client/trading/api/getTraderAssort/54cb50c76803fa8b248b4571, crc: , responseText: . 
2025-04-27 21:43:36.867 +02:00|0.16.1.3.35392|Info|backend|---> Request HTTPS, id [54]: URL: https://127.0.0.1:6969/client/items/prices/58330581ace78e27b8b10cee, crc: .  
2025-04-27 21:43:36.955 +02:00|0.16.1.3.35392|Info|backend|<--- Response HTTPS, id [54]: URL: https://127.0.0.1:6969/client/items/prices/58330581ace78e27b8b10cee, crc: , responseText: . 
2025-04-27 21:43:36.955 +02:00|0.16.1.3.35392|Info|backend|---> Request HTTPS, id [55]: URL: https://127.0.0.1:6969/client/trading/api/getTraderAssort/58330581ace78e27b8b10cee, crc: .  
2025-04-27 21:43:37.022 +02:00|0.16.1.3.35392|Info|backend|<--- Response HTTPS, id [55]: URL: https://127.0.0.1:6969/client/trading/api/getTraderAssort/58330581ace78e27b8b10cee, crc: , responseText: . 
2025-04-27 21:43:52.737 +02:00|0.16.1.3.35392|Info|backend|---> Request HTTPS, id [56]: URL: https://127.0.0.1:6969/client/items/prices/6617beeaa9cfa777ca915b7c, crc: .  
2025-04-27 21:43:52.820 +02:00|0.16.1.3.35392|Info|backend|<--- Response HTTPS, id [56]: URL: https://127.0.0.1:6969/client/items/prices/6617beeaa9cfa777ca915b7c, crc: , responseText: . 
2025-04-27 21:43:52.836 +02:00|0.16.1.3.35392|Info|backend|---> Request HTTPS, id [57]: URL: https://127.0.0.1:6969/client/trading/api/getTraderAssort/6617beeaa9cfa777ca915b7c, crc: .  
2025-04-27 21:43:52.902 +02:00|0.16.1.3.35392|Info|backend|<--- Response HTTPS, id [57]: URL: https://127.0.0.1:6969/client/trading/api/getTraderAssort/6617beeaa9cfa777ca915b7c, crc: , responseText: . 
2025-04-27 21:44:11.599 +02:00|0.16.1.3.35392|Info|backend|---> Request HTTPS, id [58]: URL: https://127.0.0.1:6969/client/trading/api/getTraderAssort/54cb50c76803fa8b248b4571, crc: .  
2025-04-27 21:44:11.704 +02:00|0.16.1.3.35392|Info|backend|<--- Response HTTPS, id [58]: URL: https://127.0.0.1:6969/client/trading/api/getTraderAssort/54cb50c76803fa8b248b4571, crc: , responseText: . 
2025-04-27 21:44:14.184 +02:00|0.16.1.3.35392|Error|Default|no foldable found on weapon_benelli_m3_s90_12g_container 
2025-04-27 21:44:56.535 +02:00|0.16.1.3.35392|Info|backend|---> Request HTTPS, id [59]: URL: https://127.0.0.1:6969/client/game/profile/items/moving, crc: .  
2025-04-27 21:44:56.586 +02:00|0.16.1.3.35392|Info|backend|<--- Response HTTPS, id [59]: URL: https://127.0.0.1:6969/client/game/profile/items/moving, crc: , responseText: . 
2025-04-27 21:45:21.227 +02:00|0.16.1.3.35392|Info|backend|---> Request HTTPS, id [60]: URL: https://127.0.0.1:6969/client/trading/api/getTraderAssort/6617beeaa9cfa777ca915b7c, crc: .  
2025-04-27 21:45:21.301 +02:00|0.16.1.3.35392|Info|backend|<--- Response HTTPS, id [60]: URL: https://127.0.0.1:6969/client/trading/api/getTraderAssort/6617beeaa9cfa777ca915b7c, crc: , responseText: . 
2025-04-27 21:45:41.676 +02:00|0.16.1.3.35392|Info|backend|---> Request HTTPS, id [61]: URL: https://127.0.0.1:6969/client/trading/api/getTraderAssort/54cb50c76803fa8b248b4571, crc: .  
2025-04-27 21:45:41.785 +02:00|0.16.1.3.35392|Info|backend|<--- Response HTTPS, id [61]: URL: https://127.0.0.1:6969/client/trading/api/getTraderAssort/54cb50c76803fa8b248b4571, crc: , responseText: . 
2025-04-27 21:45:42.247 +02:00|0.16.1.3.35392|Info|backend|---> Request HTTPS, id [62]: URL: https://127.0.0.1:6969/client/items/prices/579dc571d53a0658a154fbec, crc: .  
2025-04-27 21:45:42.352 +02:00|0.16.1.3.35392|Info|backend|<--- Response HTTPS, id [62]: URL: https://127.0.0.1:6969/client/items/prices/579dc571d53a0658a154fbec, crc: , responseText: . 
2025-04-27 21:45:42.352 +02:00|0.16.1.3.35392|Info|backend|---> Request HTTPS, id [63]: URL: https://127.0.0.1:6969/client/trading/api/getTraderAssort/579dc571d53a0658a154fbec, crc: .  
2025-04-27 21:45:42.451 +02:00|0.16.1.3.35392|Info|backend|<--- Response HTTPS, id [63]: URL: https://127.0.0.1:6969/client/trading/api/getTraderAssort/579dc571d53a0658a154fbec, crc: , responseText: . 
2025-04-27 21:45:44.168 +02:00|0.16.1.3.35392|Info|backend|---> Request HTTPS, id [64]: URL: https://127.0.0.1:6969/client/game/profile/items/moving, crc: .  
2025-04-27 21:45:44.219 +02:00|0.16.1.3.35392|Info|backend|<--- Response HTTPS, id [64]: URL: https://127.0.0.1:6969/client/game/profile/items/moving, crc: , responseText: . 
2025-04-27 21:47:56.442 +02:00|0.16.1.3.35392|Info|backend|---> Request HTTPS, id [65]: URL: https://127.0.0.1:6969/client/items/prices/54cb50c76803fa8b248b4571, crc: .  
2025-04-27 21:47:56.539 +02:00|0.16.1.3.35392|Info|backend|<--- Response HTTPS, id [65]: URL: https://127.0.0.1:6969/client/items/prices/54cb50c76803fa8b248b4571, crc: , responseText: . 
2025-04-27 21:47:56.539 +02:00|0.16.1.3.35392|Info|backend|---> Request HTTPS, id [66]: URL: https://127.0.0.1:6969/client/trading/api/getTraderAssort/54cb50c76803fa8b248b4571, crc: .  
2025-04-27 21:47:56.636 +02:00|0.16.1.3.35392|Info|backend|<--- Response HTTPS, id [66]: URL: https://127.0.0.1:6969/client/trading/api/getTraderAssort/54cb50c76803fa8b248b4571, crc: , responseText: . 
2025-04-27 21:48:09.110 +02:00|0.16.1.3.35392|Info|backend|---> Request HTTPS, id [67]: URL: https://127.0.0.1:6969/client/trading/api/getTraderAssort/58330581ace78e27b8b10cee, crc: .  
2025-04-27 21:48:09.185 +02:00|0.16.1.3.35392|Info|backend|<--- Response HTTPS, id [67]: URL: https://127.0.0.1:6969/client/trading/api/getTraderAssort/58330581ace78e27b8b10cee, crc: , responseText: . 
2025-04-27 21:48:09.672 +02:00|0.16.1.3.35392|Info|backend|---> Request HTTPS, id [68]: URL: https://127.0.0.1:6969/client/items/prices/5935c25fb3acc3127c3d8cd9, crc: .  
2025-04-27 21:48:09.769 +02:00|0.16.1.3.35392|Info|backend|<--- Response HTTPS, id [68]: URL: https://127.0.0.1:6969/client/items/prices/5935c25fb3acc3127c3d8cd9, crc: , responseText: . 
2025-04-27 21:48:09.786 +02:00|0.16.1.3.35392|Info|backend|---> Request HTTPS, id [69]: URL: https://127.0.0.1:6969/client/trading/api/getTraderAssort/5935c25fb3acc3127c3d8cd9, crc: .  
2025-04-27 21:48:09.920 +02:00|0.16.1.3.35392|Info|backend|<--- Response HTTPS, id [69]: URL: https://127.0.0.1:6969/client/trading/api/getTraderAssort/5935c25fb3acc3127c3d8cd9, crc: , responseText: . 
2025-04-27 21:48:24.915 +02:00|0.16.1.3.35392|Info|backend|---> Request HTTPS, id [70]: URL: https://127.0.0.1:6969/client/trading/api/getTraderAssort/54cb50c76803fa8b248b4571, crc: .  
2025-04-27 21:48:25.035 +02:00|0.16.1.3.35392|Info|backend|<--- Response HTTPS, id [70]: URL: https://127.0.0.1:6969/client/trading/api/getTraderAssort/54cb50c76803fa8b248b4571, crc: , responseText: . 
2025-04-27 21:48:32.173 +02:00|0.16.1.3.35392|Info|backend|---> Request HTTPS, id [71]: URL: https://127.0.0.1:6969/client/trading/api/getTraderAssort/5935c25fb3acc3127c3d8cd9, crc: .  
2025-04-27 21:48:32.319 +02:00|0.16.1.3.35392|Info|backend|<--- Response HTTPS, id [71]: URL: https://127.0.0.1:6969/client/trading/api/getTraderAssort/5935c25fb3acc3127c3d8cd9, crc: , responseText: . 
2025-04-27 21:49:00.466 +02:00|0.16.1.3.35392|Info|backend|---> Request HTTPS, id [72]: URL: https://127.0.0.1:6969/client/trading/api/getTraderAssort/54cb50c76803fa8b248b4571, crc: .  
2025-04-27 21:49:00.570 +02:00|0.16.1.3.35392|Info|backend|<--- Response HTTPS, id [72]: URL: https://127.0.0.1:6969/client/trading/api/getTraderAssort/54cb50c76803fa8b248b4571, crc: , responseText: . 
2025-04-27 21:49:12.136 +02:00|0.16.1.3.35392|Info|backend|---> Request HTTPS, id [73]: URL: https://127.0.0.1:6969/client/trading/api/getTraderAssort/58330581ace78e27b8b10cee, crc: .  
2025-04-27 21:49:12.203 +02:00|0.16.1.3.35392|Info|backend|<--- Response HTTPS, id [73]: URL: https://127.0.0.1:6969/client/trading/api/getTraderAssort/58330581ace78e27b8b10cee, crc: , responseText: . 
2025-04-27 21:49:21.928 +02:00|0.16.1.3.35392|Info|backend|---> Request HTTPS, id [74]: URL: https://127.0.0.1:6969/client/items/prices/579dc571d53a0658a154fbec, crc: .  
2025-04-27 21:49:22.018 +02:00|0.16.1.3.35392|Info|backend|<--- Response HTTPS, id [74]: URL: https://127.0.0.1:6969/client/items/prices/579dc571d53a0658a154fbec, crc: , responseText: . 
2025-04-27 21:49:22.018 +02:00|0.16.1.3.35392|Info|backend|---> Request HTTPS, id [75]: URL: https://127.0.0.1:6969/client/trading/api/getTraderAssort/579dc571d53a0658a154fbec, crc: .  
2025-04-27 21:49:22.135 +02:00|0.16.1.3.35392|Info|backend|<--- Response HTTPS, id [75]: URL: https://127.0.0.1:6969/client/trading/api/getTraderAssort/579dc571d53a0658a154fbec, crc: , responseText: . 
2025-04-27 21:49:23.129 +02:00|0.16.1.3.35392|Info|backend|---> Request HTTPS, id [76]: URL: https://127.0.0.1:6969/client/items/prices/54cb57776803fa99248b456e, crc: .  
2025-04-27 21:49:23.220 +02:00|0.16.1.3.35392|Info|backend|<--- Response HTTPS, id [76]: URL: https://127.0.0.1:6969/client/items/prices/54cb57776803fa99248b456e, crc: , responseText: . 
2025-04-27 21:49:23.220 +02:00|0.16.1.3.35392|Info|backend|---> Request HTTPS, id [77]: URL: https://127.0.0.1:6969/client/trading/api/getTraderAssort/54cb57776803fa99248b456e, crc: .  
2025-04-27 21:49:23.270 +02:00|0.16.1.3.35392|Info|backend|<--- Response HTTPS, id [77]: URL: https://127.0.0.1:6969/client/trading/api/getTraderAssort/54cb57776803fa99248b456e, crc: , responseText: . 
2025-04-27 21:49:23.973 +02:00|0.16.1.3.35392|Info|backend|---> Request HTTPS, id [78]: URL: https://127.0.0.1:6969/client/trading/api/getTraderAssort/54cb50c76803fa8b248b4571, crc: .  
2025-04-27 21:49:24.069 +02:00|0.16.1.3.35392|Info|backend|<--- Response HTTPS, id [78]: URL: https://127.0.0.1:6969/client/trading/api/getTraderAssort/54cb50c76803fa8b248b4571, crc: , responseText: . 
2025-04-27 21:50:13.424 +02:00|0.16.1.3.35392|Info|backend|---> Request HTTPS, id [79]: URL: https://127.0.0.1:6969/client/trading/api/getTraderAssort/54cb50c76803fa8b248b4571, crc: .  
2025-04-27 21:50:13.803 +02:00|0.16.1.3.35392|Info|backend|<--- Response HTTPS, id [79]: URL: https://127.0.0.1:6969/client/trading/api/getTraderAssort/54cb50c76803fa8b248b4571, crc: , responseText: . 
2025-04-27 21:52:17.630 +02:00|0.16.1.3.35392|Info|backend|---> Request HTTPS, id [80]: URL: https://127.0.0.1:6969/client/trading/api/getTraderAssort/54cb50c76803fa8b248b4571, crc: .  
2025-04-27 21:52:17.736 +02:00|0.16.1.3.35392|Info|backend|<--- Response HTTPS, id [80]: URL: https://127.0.0.1:6969/client/trading/api/getTraderAssort/54cb50c76803fa8b248b4571, crc: , responseText: . 
2025-04-27 21:52:20.278 +02:00|0.16.1.3.35392|Info|backend|---> Request HTTPS, id [81]: URL: https://127.0.0.1:6969/client/trading/api/getTraderAssort/6617beeaa9cfa777ca915b7c, crc: .  
2025-04-27 21:52:20.336 +02:00|0.16.1.3.35392|Info|backend|<--- Response HTTPS, id [81]: URL: https://127.0.0.1:6969/client/trading/api/getTraderAssort/6617beeaa9cfa777ca915b7c, crc: , responseText: . 
2025-04-27 21:54:40.337 +02:00|0.16.1.3.35392|Info|backend|---> Request HTTPS, id [82]: URL: https://127.0.0.1:6969/client/game/keepalive, crc: .  
2025-04-27 21:54:40.386 +02:00|0.16.1.3.35392|Info|backend|<--- Response HTTPS, id [82]: URL: https://127.0.0.1:6969/client/game/keepalive, crc: , responseText: . 
2025-04-27 21:57:00.370 +02:00|0.16.1.3.35392|Info|backend|---> Request HTTPS, id [83]: URL: https://127.0.0.1:6969/client/game/keepalive, crc: .  
2025-04-27 21:57:00.419 +02:00|0.16.1.3.35392|Info|backend|<--- Response HTTPS, id [83]: URL: https://127.0.0.1:6969/client/game/keepalive, crc: , responseText: . 
2025-04-27 21:59:20.408 +02:00|0.16.1.3.35392|Info|backend|---> Request HTTPS, id [84]: URL: https://127.0.0.1:6969/client/game/keepalive, crc: .  
2025-04-27 21:59:20.470 +02:00|0.16.1.3.35392|Info|backend|<--- Response HTTPS, id [84]: URL: https://127.0.0.1:6969/client/game/keepalive, crc: , responseText: . 
2025-04-27 22:01:40.455 +02:00|0.16.1.3.35392|Info|backend|---> Request HTTPS, id [85]: URL: https://127.0.0.1:6969/client/game/keepalive, crc: .  
2025-04-27 22:01:40.520 +02:00|0.16.1.3.35392|Info|backend|<--- Response HTTPS, id [85]: URL: https://127.0.0.1:6969/client/game/keepalive, crc: , responseText: . 
2025-04-27 22:04:00.521 +02:00|0.16.1.3.35392|Info|backend|---> Request HTTPS, id [86]: URL: https://127.0.0.1:6969/client/game/keepalive, crc: .  
2025-04-27 22:04:00.587 +02:00|0.16.1.3.35392|Info|backend|<--- Response HTTPS, id [86]: URL: https://127.0.0.1:6969/client/game/keepalive, crc: , responseText: . 
2025-04-27 22:06:20.572 +02:00|0.16.1.3.35392|Info|backend|---> Request HTTPS, id [87]: URL: https://127.0.0.1:6969/client/game/keepalive, crc: .  
2025-04-27 22:06:20.637 +02:00|0.16.1.3.35392|Info|backend|<--- Response HTTPS, id [87]: URL: https://127.0.0.1:6969/client/game/keepalive, crc: , responseText: . 
2025-04-27 22:08:40.638 +02:00|0.16.1.3.35392|Info|backend|---> Request HTTPS, id [88]: URL: https://127.0.0.1:6969/client/game/keepalive, crc: .  
2025-04-27 22:08:40.688 +02:00|0.16.1.3.35392|Info|backend|<--- Response HTTPS, id [88]: URL: https://127.0.0.1:6969/client/game/keepalive, crc: , responseText: . 
2025-04-27 22:11:00.688 +02:00|0.16.1.3.35392|Info|backend|---> Request HTTPS, id [89]: URL: https://127.0.0.1:6969/client/game/keepalive, crc: .  
2025-04-27 22:11:00.754 +02:00|0.16.1.3.35392|Info|backend|<--- Response HTTPS, id [89]: URL: https://127.0.0.1:6969/client/game/keepalive, crc: , responseText: . 
2025-04-27 22:13:20.755 +02:00|0.16.1.3.35392|Info|backend|---> Request HTTPS, id [90]: URL: https://127.0.0.1:6969/client/game/keepalive, crc: .  
2025-04-27 22:13:20.821 +02:00|0.16.1.3.35392|Info|backend|<--- Response HTTPS, id [90]: URL: https://127.0.0.1:6969/client/game/keepalive, crc: , responseText: . 
2025-04-27 22:15:40.822 +02:00|0.16.1.3.35392|Info|backend|---> Request HTTPS, id [91]: URL: https://127.0.0.1:6969/client/game/keepalive, crc: .  
2025-04-27 22:15:40.872 +02:00|0.16.1.3.35392|Info|backend|<--- Response HTTPS, id [91]: URL: https://127.0.0.1:6969/client/game/keepalive, crc: , responseText: . 
2025-04-27 22:16:28.373 +02:00|0.16.1.3.35392|Error|Default|LayersDefaultStates.Length 3 != _animator.layerCount 0 : weapon_empty_hands_container.bundle 
