[Message:   BepInEx] BepInEx 5.4.22.0 - EscapeFromTarkov (16/04/2025 13:34:04)
[Info   :   BepInEx] Running under Unity v0.16.1.3539
[Info   :   BepInEx] CLR runtime version: 4.0.30319.42000
[Info   :   BepInEx] Supports SRE: True
[Info   :   BepInEx] System platform: Bits64, Windows
[Message:   BepInEx] Preloader started
[Info   :   BepInEx] Loaded 1 patcher method from [BepInEx.Preloader 5.4.22.0]
[Info   :   BepInEx] Loaded 1 patcher method from [spt-prepatch 3.11.1.0]
[Info   :   BepInEx] 2 patcher plugins loaded
[Info   :   BepInEx] Patching [UnityEngine.CoreModule] with [BepInEx.Chainloader]
[Info   :   BepInEx] Patching [Assembly-CSharp] with [SPT.PrePatch.SPTPrePatcher]
[Message:   BepInEx] Preloader finished
[Message:   BepInEx] Chainloader ready
[Message:   BepInEx] Chainloader started
[Info   :   BepInEx] 13 plugins to load
[Info   :   BepInEx] Loading [Configuration Manager 18.0.1]
[Info   :   BepInEx] Loading [SPT.Core 3.11.1]
[Info   :  SPT.Core] Loading: SPT.Core
[Info   :ModulePatch] Enabled patch ConsistencySinglePatch
[Info   :ModulePatch] Enabled patch ConsistencyMultiPatch
[Info   :ModulePatch] Enabled patch GameValidationPatch
[Info   :ModulePatch] Enabled patch BattlEyePatch
[Info   :ModulePatch] Enabled patch SslCertificatePatch
[Info   :ModulePatch] Enabled patch UnityWebRequestPatch
[Info   :ModulePatch] Enabled patch WebSocketSslValidationPatch
[Info   :  SPT.Core] Completed: SPT.Core
[Info   :   BepInEx] Loading [SPT.Custom 3.11.1]
[Info   :SPT.Custom] Loading: SPT.Custom
[Info   :ModulePatch] Enabled patch EasyAssetsPatch
[Info   :ModulePatch] Enabled patch EasyBundlePatch
[Info   :ModulePatch] Enabled patch DisableNonHalloweenExitsDuringEventPatch
[Info   :ModulePatch] Enabled patch SendFleaListingTaxAmountToServerPatch
[Info   :ModulePatch] Enabled patch AddTraitorScavsPatch
[Info   :RequestHandler] [REQUEST]: /singleplayer/bosstypes
[Info   :RequestHandler] [REQUEST SUCCESSFUL] /singleplayer/bosstypes
[Info   :ModulePatch] Enabled patch CustomAiPatch
[Info   :ModulePatch] Enabled patch SaveSettingsToSptFolderPatch
[Info   :ModulePatch] Enabled patch PatchPlayerPrefsSetInt
[Info   :ModulePatch] Enabled patch PatchPlayerPrefsSetFloat
[Info   :ModulePatch] Enabled patch PatchPlayerPrefsSetString
[Info   :ModulePatch] Enabled patch PatchPlayerPrefsGetInt
[Info   :ModulePatch] Enabled patch PatchPlayerPrefsGetFloat
[Info   :ModulePatch] Enabled patch PatchPlayerPrefsGetString
[Info   :ModulePatch] Enabled patch PatchPlayerPrefsHasKey
[Info   :ModulePatch] Enabled patch PatchPlayerPrefsDeleteKey
[Info   :ModulePatch] Enabled patch PatchPlayerPrefsDeleteAll
[Info   :ModulePatch] Enabled patch PatchPlayerPrefsSave
[Info   :ModulePatch] Enabled patch QTEPatch
[Info   :ModulePatch] Enabled patch RedirectClientImageRequestsPatch
[Info   :ModulePatch] Enabled patch DisableGameModeAdjustButtonPatch
[Info   :ModulePatch] Enabled patch FixPmcSpawnParamsNullErrorPatch
[Info   :ModulePatch] Enabled patch SetPreRaidSettingsScreenDefaultsPatch
[Info   :ModulePatch] Enabled patch CoreDifficultyPatch
[Info   :ModulePatch] Enabled patch BotDifficultyPatch
[Info   :ModulePatch] Enabled patch VersionLabelPatch
[Info   :ModulePatch] Enabled patch FixScavWarNullErrorWithMarkOfUnknownPatch
[Info   :ModulePatch] Enabled patch MergeScavPmcQuestsOnInventoryLoadPatch
[Info   :ModulePatch] Enabled patch CopyPmcQuestsAndWishlistToPlayerScavPatch
[Info   :ModulePatch] Enabled patch FixBossesHavingNoFollowersOnMediumAiAmount
[Info   :ModulePatch] Enabled patch FixAirdropCrashPatch
[Info   :ModulePatch] Enabled patch FixAirdropFlareDisposePatch
[Info   :ModulePatch] Enabled patch AllowAirdropsInPvEPatch
[Info   :ModulePatch] Enabled patch MemoryCollectionPatch
[Info   :ModulePatch] Enabled patch EnablePrestigeTabPatch
[Info   :ModulePatch] Enabled patch MatchStartServerLocationPatch
[Info   :SPT.Custom] Completed: SPT.Custom
[Info   :   BepInEx] Loading [SPT.Debugging 3.11.1]
[Info   :SPT.Debugging] Loading: SPT.Debugging
[Info   :ModulePatch] Enabled patch EndRaidDebug
[Info   :ModulePatch] Enabled patch LoggerClassLogPatch
[Info   :ModulePatch] Enabled patch ReloadClientPatch
[Info   :ModulePatch] Enabled patch EnableDebugCommandsPatch
[Info   :SPT.Debugging] Completed: SPT.Debugging
[Info   :   BepInEx] Loading [SPT.Singleplayer 3.11.1]
[Info   :SPT.Singleplayer] Loading: SPT.SinglePlayer
[Info   :ModulePatch] Enabled patch TinnitusFixPatch
[Info   :ModulePatch] Enabled patch EmptyInfilFixPatch
[Info   :ModulePatch] Enabled patch OverrideMaxAiAliveInRaidValuePatch
[Info   :ModulePatch] Enabled patch FixPostScavRaidXpShowingZeroPatch
[Info   :ModulePatch] Enabled patch DisablePMCExtractsForScavsPatch
[Info   :ModulePatch] Enabled patch ScavExfilPatch
[Info   :ModulePatch] Enabled patch ScavProfileLoadPatch
[Info   :ModulePatch] Enabled patch ScavPrefabLoadPatch
[Info   :ModulePatch] Enabled patch DisableReadyLocationReadyPatch
[Info   :ModulePatch] Enabled patch LoadOfflineRaidScreenPatch
[Info   :ModulePatch] Enabled patch AmmoUsedCounterPatch
[Info   :ModulePatch] Enabled patch PluginErrorNotifierPatch
[Info   :ModulePatch] Enabled patch MapReadyButtonPatch
[Info   :ModulePatch] Enabled patch RemoveUsedBotProfilePatch
[Info   :ModulePatch] Enabled patch ScavLateStartPatch
[Info   :ModulePatch] Enabled patch ScavSellAllPriceStorePatch
[Info   :ModulePatch] Enabled patch ScavSellAllRequestPatch
[Info   :ModulePatch] Enabled patch ScavRepAdjustmentPatch
[Info   :ModulePatch] Enabled patch DisableWelcomeToPVEModeMessagePatch
[Info   :ModulePatch] Enabled patch DisableMatchmakerPlayerPreviewButtonsPatch
[Info   :ModulePatch] Enabled patch EnableRefForPVEPatch
[Info   :ModulePatch] Enabled patch EnableRefIntermScreenPatch
[Info   :ModulePatch] Enabled patch EnablePlayerScavPatch
[Info   :ModulePatch] Enabled patch ScavFoundInRaidPatch
[Info   :ModulePatch] Enabled patch GetProfileAtEndOfRaidPatch
[Info   :ModulePatch] Enabled patch SendPlayerScavProfileToServerAfterRaidPatch
[Info   :ModulePatch] Enabled patch RemoveStashUpgradeLabelPatch
[Info   :ModulePatch] Enabled patch RemoveClothingItemExternalObtainLabelPatch
[Info   :ModulePatch] Enabled patch ForceRaidModeToLocalPatch
[Info   :ModulePatch] Enabled patch ScavIsPlayerEnemyPatch
[Info   :ModulePatch] Enabled patch FirearmControllerShowIncompatibleNotificationClass
[Info   :ModulePatch] Enabled patch FixKeyAlreadyExistsErrorOnAchievementPatch
[Info   :ModulePatch] Enabled patch ScavPrestigeFixPatch
[Info   :ModulePatch] Enabled patch DisableDevMaskCheckPatch
[Info   :ModulePatch] Enabled patch RemoveStopwatchAllocationsEveryBotFramePatch
[Info   :ModulePatch] Enabled patch RemoveStopwatchAllocationsEveryCoverPointFramePatch
[Info   :ModulePatch] Enabled patch DisableUseBSGServersCheckbox
[Info   :ModulePatch] Enabled patch PmcBotSidePatch
[Info   :ModulePatch] Enabled patch QuestAchievementRewardInRaidPatch
[Info   :ModulePatch] Enabled patch FixUnityWarningSpamFromAirdropsPatch
[Info   :SPT.Singleplayer] Completed: SPT.SinglePlayer
[Info   :   BepInEx] Loading [gekos_api 0.4.0]
[Info   :ModulePatch] Enabled patch GPFix
[Info   :ModulePatch] Enabled patch MinPriceFix
[Info   :RequestHandler] [REQUEST]: /server-config-router/skillsconfig
[Info   :RequestHandler] [REQUEST SUCCESSFUL] /server-config-router/skillsconfig
[Info   :ModulePatch] Enabled patch SkillsMultipliers
[Info   :RequestHandler] [REQUEST]: /server-config-router/skillsconfig
[Info   :RequestHandler] [REQUEST SUCCESSFUL] /server-config-router/skillsconfig
[Info   :ModulePatch] Enabled patch SkillBuffMulti1303
[Info   :RequestHandler] [REQUEST]: /server-config-router/skillsconfig
[Info   :RequestHandler] [REQUEST SUCCESSFUL] /server-config-router/skillsconfig
[Info   :ModulePatch] Enabled patch SkillBuffMulti1304
[Info   :RequestHandler] [REQUEST]: /server-config-router/skillsconfig
[Info   :RequestHandler] [REQUEST SUCCESSFUL] /server-config-router/skillsconfig
[Info   :ModulePatch] Enabled patch SkillBuffMulti1305
[Info   :RequestHandler] [REQUEST]: /server-config-router/skillsconfig
[Info   :RequestHandler] [REQUEST SUCCESSFUL] /server-config-router/skillsconfig
[Info   :ModulePatch] Enabled patch SkillBuffMulti1306
[Info   :RequestHandler] [REQUEST]: /server-config-router/skillpoints
[Info   :RequestHandler] [REQUEST SUCCESSFUL] /server-config-router/skillpoints
[Info   :RequestHandler] [REQUEST]: /server-config-router/skillpoints
[Info   :RequestHandler] [REQUEST SUCCESSFUL] /server-config-router/skillpoints
[Info   :ModulePatch] Enabled patch SkillButtons
[Info   :RequestHandler] [REQUEST]: /server-config-router/skillpoints
[Info   :RequestHandler] [REQUEST SUCCESSFUL] /server-config-router/skillpoints
[Warning:  HarmonyX] AdditionalSkillLevels: You should only patch implemented methods/constructors to avoid issues. Patch the declared method int AbstractSkillClass::get_Level() instead of int AbstractSkillClass::get_Level().
[Info   :ModulePatch] Enabled patch AdditionalSkillLevels
[Info   :RequestHandler] [REQUEST]: /server-config-router/skillpoints
[Info   :RequestHandler] [REQUEST SUCCESSFUL] /server-config-router/skillpoints
[Info   :ModulePatch] Enabled patch AvailableSkillPointsUI
[Info   :ModulePatch] Enabled patch LevelExpFix
[Info   :ModulePatch] Enabled patch CalculateExpOnFirstLevelsFix
[Info   :ModulePatch] Enabled patch BaseProgressFix
[Info   :ModulePatch] Enabled patch ProgressValueFix
[Info   :ModulePatch] Enabled patch OnTriggerFix
[Info   :ModulePatch] Enabled patch Method4Fix
[Warning:  HarmonyX] LevelProgressFix: You should only patch implemented methods/constructors to avoid issues. Patch the declared method virtual float AbstractSkillClass::get_LevelProgress() instead of virtual float AbstractSkillClass::get_LevelProgress().
[Warning:  HarmonyX] LevelProgressFix: You should only patch implemented methods/constructors to avoid issues. Patch the declared method virtual float AbstractSkillClass::get_LevelProgress() instead of virtual float AbstractSkillClass::get_LevelProgress().
[Info   :ModulePatch] Enabled patch LevelProgressFix
[Info   : gekos_api] Geko's API fully loaded!
[Info   :   BepInEx] Loading [HealingAutoCancel 1.0.0]
[Info   :ModulePatch] Enabled patch HealingAutoCancelPatch
[Info   :   BepInEx] Loading [Tyfon.AutoDeposit 4.0.0]
[Info   :ModulePatch] Enabled patch AddInventoryButtonsPatch
[Info   :ModulePatch] Enabled patch AddTransferButtonPatch
[Info   :   BepInEx] Loading [Tyfon.UIFixes 4.1.2]
[Info   :ModulePatch] Enabled patch NetworkTransactionPatch
[Info   :ModulePatch] Enabled patch DialogWindowPatch
[Info   :ModulePatch] Enabled patch ItemUiContextWindowPatch
[Info   :ModulePatch] Enabled patch ErrorScreenPatch
[Info   :ModulePatch] Enabled patch AddOfferPatch
[Info   :ModulePatch] Enabled patch ClickOutPatch
[Info   :ModulePatch] Enabled patch ClickOutSplitDialogPatch
[Info   :ModulePatch] Enabled patch ClickOutItemsListPatch
[Info   :ModulePatch] Enabled patch ClickOutErrorScreenPatch
[Info   :ModulePatch] Enabled patch FixMailRecieveAllPatch
[Info   :ModulePatch] Enabled patch QuestTooltipPatch
[Info   :ModulePatch] Enabled patch ArmorTooltipPatch
[Info   :ModulePatch] Enabled patch FixWeaponBindsDisplayPatch
[Info   :ModulePatch] Enabled patch RotationPatch
[Info   :ModulePatch] Enabled patch MoneyPatch
[Info   :ModulePatch] Enabled patch BarterPatch
[Info   :ModulePatch] Enabled patch LazyLoadPatch
[Info   :ModulePatch] Enabled patch RestoreHideoutSearchPatch
[Info   :ModulePatch] Enabled patch SaveHideoutSearchPatch
[Info   :ModulePatch] Enabled patch CloseHideoutSearchPatch
[Info   :ModulePatch] Enabled patch FastHideoutSearchPatch
[Info   :ModulePatch] Enabled patch FixHideoutSearchAgainPatch
[Info   :ModulePatch] Enabled patch CancelScrollOnMouseWheelPatch
[Info   :ModulePatch] Enabled patch BlockHideoutEnterPatch
[Info   :ModulePatch] Enabled patch SelectAreaPatch
[Info   :ModulePatch] Enabled patch ChangeLevelPatch
[Info   :ModulePatch] Enabled patch PickInitialLevelPatch
[Info   :ModulePatch] Enabled patch ClearLevelPatch
[Info   :ModulePatch] Enabled patch SaveInspectWindowSizePatch
[Info   :ModulePatch] Enabled patch AddInspectWindowButtonsPatch
[Info   :ModulePatch] Enabled patch GrowInspectWindowDescriptionPatch
[Info   :ModulePatch] Enabled patch LeftRightKeybindsPatch
[Info   :ModulePatch] Enabled patch CalculateModStatsPatch
[Info   :ModulePatch] Enabled patch CompareModStatsPatch
[Info   :ModulePatch] Enabled patch AddShowHideModStatsButtonPatch
[Info   :ModulePatch] Enabled patch FormatCompactValuesPatch
[Info   :ModulePatch] Enabled patch FormatFullValuesPatch
[Info   :ModulePatch] Enabled patch FixDurabilityBarPatch
[Info   :ModulePatch] Enabled patch HighlightSlotsPatch
[Info   :ModulePatch] Enabled patch HighlightFilledSlotsPatch
[Info   :ModulePatch] Enabled patch FixTraderCompatWithPatch
[Info   :ModulePatch] Enabled patch RemoveDoorActionsPatch
[Info   :ModulePatch] Enabled patch EnhanceStashScrollingPatch
[Info   :ModulePatch] Enabled patch EnchanceTraderStashScrollingPatch
[Info   :ModulePatch] Enabled patch EnhanceFleaScrollingPatch
[Info   :ModulePatch] Enabled patch EnhanceMailScrollingPatch
[Info   :ModulePatch] Enabled patch MouseScrollingSpeedPatch
[Info   :ModulePatch] Enabled patch LightScrollerSpeedPatch
[Info   :ModulePatch] Enabled patch EnhanceHideoutScrollingPatch
[Info   :ModulePatch] Enabled patch EnhanceTaskListScrollingPatch
[Info   :ModulePatch] Enabled patch OpenLastTaskPatch
[Info   :ModulePatch] Enabled patch ContainerStackPatch
[Info   :ModulePatch] Enabled patch TopUpStackPatch
[Info   :ModulePatch] Enabled patch DetectSwapSourceContainerPatch
[Info   :ModulePatch] Enabled patch CleanupSwapSourceContainerPatch
[Info   :ModulePatch] Enabled patch GridViewCanAcceptSwapPatch
[Info   :ModulePatch] Enabled patch DetectGridHighlightPrecheckPatch
[Info   :ModulePatch] Enabled patch DetectSlotHighlightPrecheckPatch
[Info   :ModulePatch] Enabled patch SlotCanAcceptSwapPatch
[Info   :ModulePatch] Enabled patch WeaponApplyPatch
[Info   :ModulePatch] Enabled patch DetectFilterForSwapPatch
[Info   :ModulePatch] Enabled patch FixNoGridErrorPatch
[Info   :ModulePatch] Enabled patch SwapOperationRaiseEventsPatch
[Info   :ModulePatch] Enabled patch RememberSwapGridHoverPatch
[Info   :ModulePatch] Enabled patch InspectWindowUpdateStatsOnSwapPatch
[Info   :ModulePatch] Enabled patch FixAddModFirearmOperationPatch
[Info   :ModulePatch] Enabled patch HideScaryTooltipPatch
[Info   :ModulePatch] Enabled patch ScavInventorySplitPatch
[Info   :ModulePatch] Enabled patch SyncStashScrollPatch
[Info   :ModulePatch] Enabled patch SyncOfferStashScrollPatch
[Info   :ModulePatch] Enabled patch TransferConfirmPatch
[Info   :ModulePatch] Enabled patch DetectWeaponPresetCloseTypePatch
[Info   :ModulePatch] Enabled patch ConfirmDiscardWeaponPresetChangesPatch
[Info   :ModulePatch] Enabled patch SavePresetPatch
[Info   :ModulePatch] Enabled patch InstantSavePresetPatch
[Info   :ModulePatch] Enabled patch EditBuildScreenZoomPatch
[Info   :ModulePatch] Enabled patch WeaponModdingScreenZoomPatch
[Info   :ModulePatch] Enabled patch NoInventoryZoomPatch
[Info   :ModulePatch] Enabled patch MoveTaskbarPatch
[Info   :ModulePatch] Enabled patch DoNotToggleOnMouseOverPatch
[Info   :ModulePatch] Enabled patch ToggleOnOpenPatch
[Info   :ModulePatch] Enabled patch DropdownHeightPatch
[Info   :ModulePatch] Enabled patch OfferViewTweaksPatch
[Info   :ModulePatch] Enabled patch SearchFilterPatch
[Info   :ModulePatch] Enabled patch SearchPatch
[Info   :ModulePatch] Enabled patch SearchKeyPatch
[Info   :ModulePatch] Enabled patch SearchKeyHandbookPatch
[Info   :ModulePatch] Enabled patch RagfairScreenShowPatch
[Info   :ModulePatch] Enabled patch OfferViewListCategoryPickedPatch
[Info   :ModulePatch] Enabled patch OfferViewListDoneLoadingPatch
[Info   :ModulePatch] Enabled patch ChangedViewListTypePatch
[Info   :ModulePatch] Enabled patch PlaceOfferClickPatch
[Info   :ModulePatch] Enabled patch ClosePatch
[Info   :ModulePatch] Enabled patch AutopopulatePricesPatch
[Info   :ModulePatch] Enabled patch SetRequirementPatch
[Info   :ModulePatch] Enabled patch BulkTogglePatch
[Info   :ModulePatch] Enabled patch MultipleStacksPatch
[Info   :ModulePatch] Enabled patch AssortUnlocksPatch
[Info   :ModulePatch] Enabled patch AutofillQuestItemsPatch
[Info   :ModulePatch] Enabled patch ContextMenuNamesPatch
[Info   :ModulePatch] Enabled patch PositionSubMenuPatch
[Info   :ModulePatch] Enabled patch PositionInsuranceSubMenuPatch
[Info   :ModulePatch] Enabled patch DeclareSubInteractionsInventoryPatch
[Info   :ModulePatch] Enabled patch CreateSubInteractionsInventoryPatch
[Info   :ModulePatch] Enabled patch DeclareSubInteractionsTradingPatch
[Info   :ModulePatch] Enabled patch CreateSubInteractionsTradingPatch
[Info   :ModulePatch] Enabled patch SniffInteractionButtonCreationPatch
[Info   :ModulePatch] Enabled patch ChangeInteractionButtonCreationPatch
[Info   :ModulePatch] Enabled patch EnableInsureInnerItemsPatch
[Info   :ModulePatch] Enabled patch DisableLoadPresetOnBulletsPatch
[Info   :ModulePatch] Enabled patch EmptyModSlotMenuPatch
[Info   :ModulePatch] Enabled patch EmptyModSlotMenuRemovePatch
[Info   :ModulePatch] Enabled patch EmptySlotMenuPatch
[Info   :ModulePatch] Enabled patch EmptySlotMenuRemovePatch
[Info   :ModulePatch] Enabled patch OpenWhileSearchingPatch
[Info   :ModulePatch] Enabled patch GetBuySellTabsPatch
[Info   :ModulePatch] Enabled patch SwitchOnClickPatch
[Info   :ModulePatch] Enabled patch RefreshOnSwitchPatch
[Info   :ModulePatch] Enabled patch RestoreTraderPatch
[Info   :ModulePatch] Enabled patch RestoreTabPatch
[Info   :ModulePatch] Enabled patch RememberTraderAndTabPatch
[Info   :ModulePatch] Enabled patch RememberAutoselectPatch
[Info   :ModulePatch] Enabled patch RestoreAutoselectPatch
[Info   :ModulePatch] Enabled patch SniffChatPanelClosePatch
[Info   :ModulePatch] Enabled patch ReopenMessagesPatch
[Info   :ModulePatch] Enabled patch FocusTradeQuantityPatch
[Info   :ModulePatch] Enabled patch SelectAllPatch
[Info   :ModulePatch] Enabled patch RememberRepairerPatch
[Info   :ModulePatch] Enabled patch DefaultMaxRepairPatch
[Info   :ModulePatch] Enabled patch GridWindowButtonsPatch
[Info   :ModulePatch] Enabled patch LoadMagPresetsPatch
[Info   :ModulePatch] Enabled patch RemoveDefaultPresetNamePatch
[Info   :ModulePatch] Enabled patch RequirePresetNamePatch
[Info   :ModulePatch] Enabled patch KeepWindowOnScreenPatch
[Info   :ModulePatch] Enabled patch KeepWindowOnScreenPatch
[Info   :ModulePatch] Enabled patch KeepWindowOnScreenPatch
[Info   :ModulePatch] Enabled patch KeepWindowOnScreenPatch
[Info   :ModulePatch] Enabled patch KeepWindowOnScreenPatch
[Info   :ModulePatch] Enabled patch KeepTopOnScreenPatch
[Info   :ModulePatch] Enabled patch ItemUiContextPatch
[Info   :ModulePatch] Enabled patch HideoutItemViewRegisterContextPatch
[Info   :ModulePatch] Enabled patch TradingPanelRegisterContextPatch
[Info   :ModulePatch] Enabled patch TradingPanelUnregisterContextPatch
[Info   :ModulePatch] Enabled patch SelectCurrentContextPatch
[Info   :ModulePatch] Enabled patch DeselectCurrentContextPatch
[Info   :ModulePatch] Enabled patch AutoOpenPatch
[Info   :ModulePatch] Enabled patch DefaultBindPatch
[Info   :ModulePatch] Enabled patch EnableContextMenuPatch
[Info   :ModulePatch] Enabled patch SlowLoadingPatch
[Info   :ModulePatch] Enabled patch InitializeCommonUIPatch
[Info   :ModulePatch] Enabled patch InitializeMenuUIPatch
[Info   :ModulePatch] Enabled patch SelectOnMouseDownPatch
[Info   :ModulePatch] Enabled patch DeselectOnTradingItemViewClickPatch
[Info   :ModulePatch] Enabled patch HandleItemViewInitPatch
[Info   :ModulePatch] Enabled patch HandleItemViewKillPatch
[Info   :ModulePatch] Enabled patch BeginDragPatch
[Info   :ModulePatch] Enabled patch EndDragPatch
[Info   :ModulePatch] Enabled patch DeselectOnLockPatch
[Info   :ModulePatch] Enabled patch SelectAllPatch
[Info   :ModulePatch] Enabled patch DisableSplitPatch
[Info   :ModulePatch] Enabled patch DisableSplitTargetPatch
[Info   :ModulePatch] Enabled patch DisableMagnifyPatch
[Info   :ModulePatch] Enabled patch ItemViewClickPatch
[Info   :ModulePatch] Enabled patch ContextActionsPatch
[Info   :ModulePatch] Enabled patch MoreContextActionsPatch
[Info   :ModulePatch] Enabled patch StopProcessesPatch
[Info   :ModulePatch] Enabled patch GridViewCanAcceptPatch
[Info   :ModulePatch] Enabled patch GridViewAcceptItemPatch
[Info   :ModulePatch] Enabled patch GridViewPickTargetPatch
[Info   :ModulePatch] Enabled patch GridViewDisableHighlightPatch
[Info   :ModulePatch] Enabled patch GridViewClearTooltipPatch
[Info   :ModulePatch] Enabled patch SlotViewCanAcceptPatch
[Info   :ModulePatch] Enabled patch SlotViewAcceptItemPatch
[Info   :ModulePatch] Enabled patch TradingTableCanAcceptPatch
[Info   :ModulePatch] Enabled patch TradingTableAcceptItemPatch
[Info   :ModulePatch] Enabled patch TradingTableGetHighlightColorPatch
[Info   :ModulePatch] Enabled patch FindSpotKeepRotationPatch
[Info   :ModulePatch] Enabled patch FindPlaceToPutPatch
[Info   :ModulePatch] Enabled patch AdjustQuickFindFlagsPatch
[Info   :ModulePatch] Enabled patch ReorderContainersPatch
[Info   :ModulePatch] Enabled patch AllowFindSameSpotPatch
[Info   :ModulePatch] Enabled patch FindCompatibleAmmoPatch
[Info   :ModulePatch] Enabled patch CheckItemFilterPatch
[Info   :ModulePatch] Enabled patch LoadAmmoPatch
[Info   :ModulePatch] Enabled patch FilterMagPresetsPatch
[Info   :ModulePatch] Enabled patch LoadPresetPatch
[Info   :ModulePatch] Enabled patch GridViewPatch
[Info   :ModulePatch] Enabled patch SlotViewPatch
[Info   :ModulePatch] Enabled patch TradingPlayerPatch
[Info   :ModulePatch] Enabled patch TransferPlayerPatch
[Info   :ModulePatch] Enabled patch UnloadScavTransferPatch
[Info   :ModulePatch] Enabled patch NoScavStashPatch
[Info   :ModulePatch] Enabled patch FixTraderControllerSimulateFalsePatch
[Info   :ModulePatch] Enabled patch PutToolsBackPatch
[Info   :ModulePatch] Enabled patch RebindGrenadesPatch
[Info   :ModulePatch] Enabled patch AddTwoKeyStatesPatch
[Info   :ModulePatch] Enabled patch AddOneKeyStatesPatch
[Info   :ModulePatch] Enabled patch UpdateInputPatch
[Info   :ModulePatch] Enabled patch ForceTacticalModePatch
[Info   :ModulePatch] Enabled patch ReorderGridsPatch
[Info   :ModulePatch] Enabled patch MoneyPanelPatch
[Info   :ModulePatch] Enabled patch MoneyPanelTMPTextPatch
[Info   :ModulePatch] Enabled patch HandbookWorkaroundPatch
[Info   :ModulePatch] Enabled patch CreateButtonPatch
[Info   :ModulePatch] Enabled patch ShowButtonPatch
[Info   :ModulePatch] Enabled patch FilterPanelPatch
[Info   :ModulePatch] Enabled patch StackFirstPatch
[Info   :ModulePatch] Enabled patch ReloadInPlacePatch
[Info   :ModulePatch] Enabled patch ReloadInPlaceFindMagPatch
[Info   :ModulePatch] Enabled patch ReloadInPlaceFindSpotPatch
[Info   :ModulePatch] Enabled patch AlwaysSwapPatch
[Info   :ModulePatch] Enabled patch SwapIfNoSpacePatch
[Info   :ModulePatch] Enabled patch IconsPatch
[Info   :ModulePatch] Enabled patch ItemViewScalePatch
[Info   :ModulePatch] Enabled patch ItemUpdateInfoPatch
[Info   :ModulePatch] Enabled patch HideItemViewStatsPatch
[Info   :ModulePatch] Enabled patch OverrideGridItemViewTooltipPatch
[Info   :ModulePatch] Enabled patch NoPointerEnterPatch
[Info   :ModulePatch] Enabled patch NoPointerExitPatch
[Info   :ModulePatch] Enabled patch NoPointerClickPatch
[Info   :ModulePatch] Enabled patch UnlockCursorPatch
[Info   :ModulePatch] Enabled patch OnDragEventPatch
[Info   :ModulePatch] Enabled patch OnDragEventPatch
[Info   :ModulePatch] Enabled patch OnDragEventPatch
[Info   :ModulePatch] Enabled patch OnDragEventPatch
[Info   :ModulePatch] Enabled patch OnDragEventPatch
[Info   :ModulePatch] Enabled patch HideoutCameraPatch
[Info   :ModulePatch] Enabled patch ResizePatch
[Info   :ModulePatch] Enabled patch ResizeHelperPatch
[Info   :ModulePatch] Enabled patch ResizeOperationRollbackPatch
[Info   :ModulePatch] Enabled patch MoveBeforeNetworkTransactionPatch
[Info   :ModulePatch] Enabled patch SwapModsPatch
[Info   :ModulePatch] Enabled patch ModEquippedPatch
[Info   :ModulePatch] Enabled patch InspectLockedPatch
[Info   :ModulePatch] Enabled patch MoveCanExecutePatch
[Info   :ModulePatch] Enabled patch ModCanBeMovedPatch
[Info   :ModulePatch] Enabled patch CanDetachPatch
[Info   :ModulePatch] Enabled patch CanApplyPatch
[Info   :ModulePatch] Enabled patch LockedStatePatch
[Info   :ModulePatch] Enabled patch ArmorSlotAcceptRaidPatch
[Info   :ModulePatch] Enabled patch ModRaidModdablePatch
[Info   :ModulePatch] Enabled patch EmptyVitalPartsPatch
[Info   :ModulePatch] Enabled patch OnEnterPatch
[Info   :ModulePatch] Enabled patch TagsOverCaptionsPatch
[Info   :ModulePatch] Enabled patch AddTagNewItemPatch
[Info   :ModulePatch] Enabled patch AddTagParsedItemPatch
[Info   :ModulePatch] Enabled patch TagAdditionalTypePatch
[Info   :ModulePatch] Enabled patch KeepTagsLocalPatch
[Info   :ModulePatch] Enabled patch BindableTacticalPatch
[Info   :ModulePatch] Enabled patch ReachableTacticalPatch
[Info   :ModulePatch] Enabled patch UseTacticalPatch
[Info   :ModulePatch] Enabled patch BindTacticalPatch
[Info   :ModulePatch] Enabled patch UnbindTacticalPatch
[Info   :ModulePatch] Enabled patch InitQuickBindsPatch
[Info   :ModulePatch] Enabled patch OperationQueuePatch
[Info   :ModulePatch] Enabled patch IntSliderPatch
[Info   :ModulePatch] Enabled patch StepSliderPatch
[Info   :ModulePatch] Enabled patch ModdingScreenListenOpenPatch
[Info   :ModulePatch] Enabled patch ModdingScreenListenClosePatch
[Info   :ModulePatch] Enabled patch SlotViewClickOpenPatch
[Info   :ModulePatch] Enabled patch ItemSelectionCellClickOpenPatch
[Info   :ModulePatch] Enabled patch EmptySlotRemovePointerDownPatch
[Info   :ModulePatch] Enabled patch EmptySlotInteractablePatch
[Info   :ModulePatch] Enabled patch EmptySlotClickPatch
[Info   :ModulePatch] Enabled patch BackgroundClickClosePatch
[Info   :ModulePatch] Enabled patch FixBlockedItemSwapPatch
[Info   :ModulePatch] Enabled patch FixPlayerInspectPatch
[Info   :ModulePatch] Enabled patch BigButtonPatch
[Info   :ModulePatch] Enabled patch QuestMessagePatch
[Info   :ModulePatch] Enabled patch ModifyUnsearchedContainerPatch
[Info   :ModulePatch] Enabled patch StashPanelAdPatch
[Info   :ModulePatch] Enabled patch HideoutStashAdPatch
[Info   :ModulePatch] Enabled patch PaymentSlotsPatch
[Info   :ModulePatch] Enabled patch RequisiteChangePatch
[Info   :ModulePatch] Enabled patch ClosePatch
[Info   :ModulePatch] Enabled patch CreateTextPatch
[Info   :ModulePatch] Enabled patch ShowTextPatch
[Info   :ModulePatch] Enabled patch CreateIconsPatch
[Info   :ModulePatch] Enabled patch ShowIconsPatch
[Info   :ModulePatch] Enabled patch BuildsCategoriesPanelPatch
[Info   :ModulePatch] Enabled patch StockBuildsCheckboxPatch
[Info   :   BepInEx] Loading [MoreCheckmarks 1.5.17]
[Info   :   BepInEx] Loading [DrakiaXYZ-BigBrain 1.3.2]
[Info   :DrakiaXYZ-BigBrain] Loading: DrakiaXYZ-BigBrain
[Info   :ModulePatch] Enabled patch BotBaseBrainActivatePatch
[Info   :ModulePatch] Enabled patch BotBrainCreateLogicNodePatch
[Info   :ModulePatch] Enabled patch BotBaseBrainUpdatePatch
[Info   :ModulePatch] Enabled patch BotAgentUpdatePatch
[Info   :ModulePatch] Enabled patch BotBaseBrainActivateLayerPatch
[Info   :ModulePatch] Enabled patch BotStandartBotBrainActivatePatch
[Info   :DrakiaXYZ-BigBrain] Completed: DrakiaXYZ-BigBrain
[Info   :   BepInEx] Loading [DrakiaXYZ-SearchOpenContainers 1.3.0]
[Info   :ModulePatch] Enabled patch ContainerMenuPatch
[Info   :   BepInEx] Loading [DrakiaXYZ-Waypoints 1.7.0]
[Info   :ModulePatch] Enabled patch DebugPatch
[Info   :ModulePatch] Enabled patch WaypointPatch
[Info   :ModulePatch] Enabled patch DoorLinkPatch
[Info   :ModulePatch] Enabled patch DoorLinkStateChangePatch
[Info   :ModulePatch] Enabled patch SwitchDoorBlockerPatch
[Info   :ModulePatch] Enabled patch ExfilDoorBlockerPatch
[Message:   BepInEx] Chainloader startup complete
[Info   :RequestHandler] [REQUEST]: /singleplayer/settings/version
[Info   :RequestHandler] [REQUEST SUCCESSFUL] /singleplayer/settings/version
[Info   :RequestHandler] [REQUEST]: /singleplayer/release
[Info   :RequestHandler] [REQUEST SUCCESSFUL] /singleplayer/release
[Info   :RequestHandler] [REQUEST]: /singleplayer/enableBSGlogging
[Info   :RequestHandler] [REQUEST SUCCESSFUL] /singleplayer/enableBSGlogging
[Info   :RequestHandler] [REQUEST]: /singleplayer/moddedTraders
[Info   :RequestHandler] [REQUEST SUCCESSFUL] /singleplayer/moddedTraders
[Info   :MoreCheckmarks] MoreCheckmarks Started
[Info   :MoreCheckmarks] Configs loaded
[Info   :MoreCheckmarks] Assets loaded
[Info   :MoreCheckmarks] Loading data
[Info   :MoreCheckmarks] 	Quests
[Info   :RequestHandler] [REQUEST]: /MoreCheckmarksRoutes/quests
[Info   :RequestHandler] [REQUEST SUCCESSFUL] /MoreCheckmarksRoutes/quests
[Info   :MoreCheckmarks] 	Items
[Info   :RequestHandler] [REQUEST]: /MoreCheckmarksRoutes/items
[Info   :RequestHandler] [REQUEST SUCCESSFUL] /MoreCheckmarksRoutes/items
[Info   :MoreCheckmarks] 	Assorts
[Info   :RequestHandler] [REQUEST]: /MoreCheckmarksRoutes/assorts
[Info   :RequestHandler] [REQUEST SUCCESSFUL] /MoreCheckmarksRoutes/assorts
[Info   :MoreCheckmarks] 	Productions
[Info   :RequestHandler] [REQUEST]: /MoreCheckmarksRoutes/productions
[Info   :RequestHandler] [REQUEST SUCCESSFUL] /MoreCheckmarksRoutes/productions
[Info   :RequestHandler] [REQUEST]: /singleplayer/bundles
[Info   :RequestHandler] [REQUEST SUCCESSFUL] /singleplayer/bundles
[Info   :RequestHandler] [REQUEST]: /singleplayer/settings/version
[Info   :RequestHandler] [REQUEST SUCCESSFUL] /singleplayer/settings/version
[Info   :ModulePatch] Server version: SPT 3.11.1 - bb6007
[Message: gekos_api] Skills save data successfully loaded!
[Info   :MoreCheckmarks] Loading data
[Info   :MoreCheckmarks] 	Quests
[Info   :RequestHandler] [REQUEST]: /MoreCheckmarksRoutes/quests
[Info   :RequestHandler] [REQUEST SUCCESSFUL] /MoreCheckmarksRoutes/quests
[Info   :MoreCheckmarks] 	Items
[Info   :MoreCheckmarks] 	Assorts
[Info   :RequestHandler] [REQUEST]: /MoreCheckmarksRoutes/assorts
[Info   :RequestHandler] [REQUEST SUCCESSFUL] /MoreCheckmarksRoutes/assorts
[Info   :MoreCheckmarks] 	Productions
[Info   :RequestHandler] [REQUEST]: /MoreCheckmarksRoutes/productions
[Info   :RequestHandler] [REQUEST SUCCESSFUL] /MoreCheckmarksRoutes/productions
[Info   :RequestHandler] [REQUEST]: /singleplayer/log
[Info   :RequestHandler] [REQUEST SUCCESSFUL] /singleplayer/log
[Info   :RequestHandler] [REQUEST]: /singleplayer/log
[Info   :RequestHandler] [REQUEST SUCCESSFUL] /singleplayer/log
[Info   :RequestHandler] [REQUEST]: /singleplayer/log
[Info   :RequestHandler] [REQUEST SUCCESSFUL] /singleplayer/log
[Info   :RequestHandler] [REQUEST]: /singleplayer/log
[Info   :RequestHandler] [REQUEST SUCCESSFUL] /singleplayer/log
[Info   :MoreCheckmarks] Quest Debut queststatus set to Success
[Info   :MoreCheckmarks] Quest Background Check queststatus set to Success
[Info   :MoreCheckmarks] Quest Shootout Picnic queststatus set to Started
[Info   :MoreCheckmarks] Quest Delivery From the Past queststatus set to Started
[Info   :MoreCheckmarks] Quest Shortage queststatus set to Success
[Info   :MoreCheckmarks] Quest Sanitary Standards - Part 1 queststatus set to Success
[Info   :MoreCheckmarks] Quest Operation Aquarius - Part 1 queststatus set to Success
[Info   :MoreCheckmarks] Quest Operation Aquarius - Part 2 queststatus set to Started
[Info   :MoreCheckmarks] Quest Painkiller queststatus set to Started
[Info   :MoreCheckmarks] Quest Sanitary Standards - Part 2 queststatus set to Success
[Info   :MoreCheckmarks] Quest Supplier queststatus set to Success
[Info   :MoreCheckmarks] Quest The Extortionist queststatus set to Success
[Info   :MoreCheckmarks] Quest Stirrup queststatus set to Success
[Info   :MoreCheckmarks] Quest What’s on the Flash Drive? queststatus set to Success
[Info   :MoreCheckmarks] Quest Golden Swag queststatus set to Started
[Info   :MoreCheckmarks] Quest Friend From the West - Part 1 queststatus set to Started
[Info   :MoreCheckmarks] Quest Gunsmith - Part 1 queststatus set to Success
[Info   :MoreCheckmarks] Quest Gunsmith - Part 2 queststatus set to Started
[Info   :MoreCheckmarks] Quest Gunsmith - Part 3 queststatus set to Started
[Info   :MoreCheckmarks] Quest Farming - Part 1 queststatus set to Started
[Info   :MoreCheckmarks] Quest Only Business queststatus set to Started
[Info   :MoreCheckmarks] Quest The Tarkov Shooter - Part 1 queststatus set to Started
[Info   :MoreCheckmarks] Quest The Tarkov Shooter - Part 2 queststatus set to Started
[Info   :MoreCheckmarks] Quest Introduction queststatus set to Success
[Info   :MoreCheckmarks] Quest Acquaintance queststatus set to Success
[Info   :MoreCheckmarks] Quest The Survivalist Path - Unprotected but Dangerous queststatus set to Started
[Info   :MoreCheckmarks] Quest Search Mission queststatus set to Success
[Info   :MoreCheckmarks] Quest First in Line queststatus set to Success
[Info   :MoreCheckmarks] Quest Shooting Cans queststatus set to Success
[Info   :MoreCheckmarks] Quest Luxurious Life queststatus set to Success
[Info   :MoreCheckmarks] Quest Burning Rubber queststatus set to Success
[Info   :MoreCheckmarks] Quest Saving the Mole queststatus set to Success
[Info   :MoreCheckmarks] Quest Easy Money - Part 1 queststatus set to Success
[Info   :MoreCheckmarks] Quest Easy Money - Part 2 queststatus set to Started
[Info   :MoreCheckmarks] Quest Rough Tarkov queststatus set to Success
[Info   :MoreCheckmarks] Quest Every Hunter Knows This queststatus set to Started
[Info   :MoreCheckmarks] Quest Protect the Sky queststatus set to Started
[Info   :MoreCheckmarks] Quest Work Smarter queststatus set to Success
[Info   :MoreCheckmarks] Quest Rite of Passage queststatus set to Started
[Info   :MoreCheckmarks] Quest Find and transfer queststatus set to Locked
[Info   :MoreCheckmarks] Quest Find and transfer queststatus set to AvailableForStart
[Info   :MoreCheckmarks] Quest Find and transfer queststatus set to Locked
[Info   :MoreCheckmarks] Quest Find and transfer queststatus set to AvailableForStart
[Info   :MoreCheckmarks] Quest Exit the location queststatus set to Locked
[Info   :MoreCheckmarks] Quest Exit the location queststatus set to AvailableForStart
[Info   :MoreCheckmarks] Quest Find and transfer queststatus set to Started
[Info   :MoreCheckmarks] Quest Find and transfer queststatus set to Locked
[Info   :MoreCheckmarks] Quest Find and transfer queststatus set to AvailableForStart
[Info   :RequestHandler] [REQUEST]: /singleplayer/settings/raid/menu
[Info   :RequestHandler] [REQUEST SUCCESSFUL] /singleplayer/settings/raid/menu
[Info   :RequestHandler] [REQUEST]: /singleplayer/settings/raid/menu
[Info   :RequestHandler] [REQUEST SUCCESSFUL] /singleplayer/settings/raid/menu
[Message: gekos_api] Found the asset
[Info   :MoreCheckmarks] Quest Find and transfer queststatus set to Started
